{"/home/kali/Documents/projects/historic_horizons/server/src/app.controller.ts": {"path":"/home/kali/Documents/projects/historic_horizons/server/src/app.controller.ts","statementMap":{"0":{"start":{"line":1,"column":0},"end":{"line":1,"column":49}},"1":{"start":{"line":2,"column":0},"end":{"line":2,"column":43}},"2":{"start":{"line":5,"column":7},"end":{"line":12,"column":null}},"3":{"start":{"line":6,"column":31},"end":{"line":6,"column":43}},"4":{"start":{"line":10,"column":4},"end":{"line":10,"column":38}},"5":{"start":{"line":5,"column":13},"end":{"line":5,"column":26}},"6":{"start":{"line":9,"column":2},"end":{"line":11,"column":null}},"7":{"start":{"line":5,"column":13},"end":{"line":12,"column":null}}},"fnMap":{"0":{"name":"(anonymous_2)","decl":{"start":{"line":6,"column":2},"end":{"line":6,"column":31}},"loc":{"start":{"line":6,"column":53},"end":{"line":6,"column":57}}},"1":{"name":"(anonymous_3)","decl":{"start":{"line":9,"column":2},"end":{"line":9,"column":10}},"loc":{"start":{"line":9,"column":10},"end":{"line":11,"column":3}}}},"branchMap":{},"s":{"0":1,"1":1,"2":1,"3":1,"4":1,"5":1,"6":1,"7":1},"f":{"0":1,"1":1},"b":{}}
,"/home/kali/Documents/projects/historic_horizons/server/src/app.module.ts": {"path":"/home/kali/Documents/projects/historic_horizons/server/src/app.module.ts","statementMap":{"0":{"start":{"line":1,"column":0},"end":{"line":1,"column":40}},"1":{"start":{"line":2,"column":0},"end":{"line":2,"column":49}},"2":{"start":{"line":3,"column":0},"end":{"line":3,"column":43}},"3":{"start":{"line":4,"column":0},"end":{"line":4,"column":60}},"4":{"start":{"line":5,"column":0},"end":{"line":5,"column":48}},"5":{"start":{"line":6,"column":0},"end":{"line":6,"column":51}},"6":{"start":{"line":7,"column":0},"end":{"line":7,"column":49}},"7":{"start":{"line":14,"column":7},"end":{"line":14,"column":null}},"8":{"start":{"line":14,"column":13},"end":{"line":14,"column":22}},"9":{"start":{"line":14,"column":13},"end":{"line":14,"column":null}}},"fnMap":{},"branchMap":{},"s":{"0":0,"1":0,"2":0,"3":0,"4":0,"5":0,"6":0,"7":0,"8":0,"9":0},"f":{},"b":{}}
,"/home/kali/Documents/projects/historic_horizons/server/src/app.service.ts": {"path":"/home/kali/Documents/projects/historic_horizons/server/src/app.service.ts","statementMap":{"0":{"start":{"line":1,"column":0},"end":{"line":1,"column":44}},"1":{"start":{"line":4,"column":7},"end":{"line":8,"column":null}},"2":{"start":{"line":6,"column":4},"end":{"line":6,"column":26}},"3":{"start":{"line":4,"column":13},"end":{"line":4,"column":23}},"4":{"start":{"line":4,"column":13},"end":{"line":8,"column":null}}},"fnMap":{"0":{"name":"(anonymous_1)","decl":{"start":{"line":5,"column":2},"end":{"line":5,"column":10}},"loc":{"start":{"line":5,"column":10},"end":{"line":7,"column":3}}}},"branchMap":{},"s":{"0":1,"1":1,"2":1,"3":1,"4":1},"f":{"0":1},"b":{}}
,"/home/kali/Documents/projects/historic_horizons/server/src/main.ts": {"path":"/home/kali/Documents/projects/historic_horizons/server/src/main.ts","statementMap":{"0":{"start":{"line":1,"column":0},"end":{"line":1,"column":43}},"1":{"start":{"line":2,"column":0},"end":{"line":2,"column":41}},"2":{"start":{"line":4,"column":0},"end":{"line":4,"column":48}},"3":{"start":{"line":5,"column":0},"end":{"line":5,"column":28}},"4":{"start":{"line":6,"column":0},"end":{"line":6,"column":46}},"5":{"start":{"line":7,"column":0},"end":{"line":7,"column":42}},"6":{"start":{"line":10,"column":14},"end":{"line":12,"column":4}},"7":{"start":{"line":14,"column":2},"end":{"line":14,"column":47}},"8":{"start":{"line":15,"column":2},"end":{"line":15,"column":69}},"9":{"start":{"line":16,"column":2},"end":{"line":26,"column":5}},"10":{"start":{"line":27,"column":2},"end":{"line":27,"column":29}},"11":{"start":{"line":28,"column":2},"end":{"line":28,"column":43}},"12":{"start":{"line":29,"column":2},"end":{"line":31,"column":5}},"13":{"start":{"line":32,"column":2},"end":{"line":32,"column":26}},"14":{"start":{"line":33,"column":2},"end":{"line":33,"column":25}},"15":{"start":{"line":35,"column":0},"end":{"line":35,"column":12}}},"fnMap":{"0":{"name":"bootstrap","decl":{"start":{"line":9,"column":15},"end":{"line":9,"column":24}},"loc":{"start":{"line":9,"column":24},"end":{"line":34,"column":1}}}},"branchMap":{},"s":{"0":0,"1":0,"2":0,"3":0,"4":0,"5":0,"6":0,"7":0,"8":0,"9":0,"10":0,"11":0,"12":0,"13":0,"14":0,"15":0},"f":{"0":0},"b":{}}
,"/home/kali/Documents/projects/historic_horizons/server/src/prisma.service.ts": {"path":"/home/kali/Documents/projects/historic_horizons/server/src/prisma.service.ts","statementMap":{"0":{"start":{"line":1,"column":0},"end":{"line":1,"column":66}},"1":{"start":{"line":2,"column":0},"end":{"line":2,"column":46}},"2":{"start":{"line":6,"column":7},"end":{"line":14,"column":null}},"3":{"start":{"line":8,"column":4},"end":{"line":8,"column":26}},"4":{"start":{"line":12,"column":4},"end":{"line":12,"column":29}},"5":{"start":{"line":6,"column":13},"end":{"line":6,"column":26}},"6":{"start":{"line":6,"column":13},"end":{"line":14,"column":null}}},"fnMap":{"0":{"name":"(anonymous_1)","decl":{"start":{"line":7,"column":2},"end":{"line":7,"column":7}},"loc":{"start":{"line":7,"column":20},"end":{"line":9,"column":3}}},"1":{"name":"(anonymous_2)","decl":{"start":{"line":11,"column":2},"end":{"line":11,"column":7}},"loc":{"start":{"line":11,"column":23},"end":{"line":13,"column":3}}}},"branchMap":{},"s":{"0":6,"1":6,"2":6,"3":0,"4":0,"5":6,"6":6},"f":{"0":0,"1":0},"b":{}}
,"/home/kali/Documents/projects/historic_horizons/server/src/articles/articles.controller.ts": {"path":"/home/kali/Documents/projects/historic_horizons/server/src/articles/articles.controller.ts","statementMap":{"0":{"start":{"line":1,"column":0},"end":{"line":1,"column":null}},"1":{"start":{"line":15,"column":0},"end":{"line":15,"column":37}},"2":{"start":{"line":17,"column":0},"end":{"line":17,"column":53}},"3":{"start":{"line":18,"column":0},"end":{"line":18,"column":57}},"4":{"start":{"line":19,"column":0},"end":{"line":19,"column":73}},"5":{"start":{"line":20,"column":0},"end":{"line":20,"column":37}},"6":{"start":{"line":21,"column":0},"end":{"line":21,"column":28}},"7":{"start":{"line":22,"column":0},"end":{"line":22,"column":54}},"8":{"start":{"line":23,"column":0},"end":{"line":23,"column":50}},"9":{"start":{"line":24,"column":0},"end":{"line":24,"column":49}},"10":{"start":{"line":25,"column":0},"end":{"line":25,"column":42}},"11":{"start":{"line":26,"column":0},"end":{"line":26,"column":57}},"12":{"start":{"line":28,"column":0},"end":{"line":33,"column":3}},"13":{"start":{"line":35,"column":16},"end":{"line":40,"column":2}},"14":{"start":{"line":38,"column":4},"end":{"line":38,"column":32}},"15":{"start":{"line":43,"column":7},"end":{"line":155,"column":null}},"16":{"start":{"line":44,"column":22},"end":{"line":44,"column":38}},"17":{"start":{"line":48,"column":4},"end":{"line":48,"column":46}},"18":{"start":{"line":53,"column":4},"end":{"line":53,"column":50}},"19":{"start":{"line":69,"column":4},"end":{"line":73,"column":6}},"20":{"start":{"line":78,"column":4},"end":{"line":78,"column":48}},"21":{"start":{"line":83,"column":4},"end":{"line":83,"column":53}},"22":{"start":{"line":90,"column":4},"end":{"line":90,"column":55}},"23":{"start":{"line":97,"column":4},"end":{"line":97,"column":65}},"24":{"start":{"line":102,"column":4},"end":{"line":102,"column":52}},"25":{"start":{"line":109,"column":4},"end":{"line":109,"column":62}},"26":{"start":{"line":114,"column":4},"end":{"line":114,"column":62}},"27":{"start":{"line":125,"column":4},"end":{"line":130,"column":6}},"28":{"start":{"line":137,"column":4},"end":{"line":137,"column":57}},"29":{"start":{"line":153,"column":4},"end":{"line":153,"column":73}},"30":{"start":{"line":43,"column":13},"end":{"line":43,"column":31}},"31":{"start":{"line":47,"column":8},"end":{"line":49,"column":null}},"32":{"start":{"line":52,"column":8},"end":{"line":54,"column":null}},"33":{"start":{"line":64,"column":8},"end":{"line":74,"column":null}},"34":{"start":{"line":77,"column":8},"end":{"line":79,"column":null}},"35":{"start":{"line":82,"column":8},"end":{"line":84,"column":null}},"36":{"start":{"line":87,"column":8},"end":{"line":91,"column":null}},"37":{"start":{"line":94,"column":8},"end":{"line":98,"column":null}},"38":{"start":{"line":101,"column":8},"end":{"line":103,"column":null}},"39":{"start":{"line":108,"column":8},"end":{"line":110,"column":null}},"40":{"start":{"line":113,"column":8},"end":{"line":115,"column":null}},"41":{"start":{"line":120,"column":8},"end":{"line":131,"column":null}},"42":{"start":{"line":136,"column":8},"end":{"line":138,"column":null}},"43":{"start":{"line":148,"column":8},"end":{"line":154,"column":null}},"44":{"start":{"line":43,"column":13},"end":{"line":155,"column":null}}},"fnMap":{"0":{"name":"(anonymous_4)","decl":{"start":{"line":37,"column":12},"end":{"line":37,"column":13}},"loc":{"start":{"line":37,"column":30},"end":{"line":39,"column":3}}},"1":{"name":"(anonymous_5)","decl":{"start":{"line":44,"column":2},"end":{"line":44,"column":22}},"loc":{"start":{"line":44,"column":53},"end":{"line":44,"column":57}}},"2":{"name":"(anonymous_6)","decl":{"start":{"line":47,"column":2},"end":{"line":47,"column":7}},"loc":{"start":{"line":47,"column":20},"end":{"line":49,"column":3}}},"3":{"name":"(anonymous_7)","decl":{"start":{"line":52,"column":2},"end":{"line":52,"column":7}},"loc":{"start":{"line":52,"column":46},"end":{"line":54,"column":3}}},"4":{"name":"(anonymous_8)","decl":{"start":{"line":64,"column":2},"end":{"line":64,"column":7}},"loc":{"start":{"line":67,"column":14},"end":{"line":74,"column":3}}},"5":{"name":"(anonymous_9)","decl":{"start":{"line":77,"column":2},"end":{"line":77,"column":7}},"loc":{"start":{"line":77,"column":22},"end":{"line":79,"column":3}}},"6":{"name":"(anonymous_10)","decl":{"start":{"line":82,"column":2},"end":{"line":82,"column":7}},"loc":{"start":{"line":82,"column":50},"end":{"line":84,"column":3}}},"7":{"name":"(anonymous_11)","decl":{"start":{"line":87,"column":2},"end":{"line":87,"column":7}},"loc":{"start":{"line":88,"column":45},"end":{"line":91,"column":3}}},"8":{"name":"(anonymous_12)","decl":{"start":{"line":94,"column":2},"end":{"line":94,"column":7}},"loc":{"start":{"line":95,"column":31},"end":{"line":98,"column":3}}},"9":{"name":"(anonymous_13)","decl":{"start":{"line":101,"column":2},"end":{"line":101,"column":7}},"loc":{"start":{"line":101,"column":50},"end":{"line":103,"column":3}}},"10":{"name":"(anonymous_14)","decl":{"start":{"line":108,"column":2},"end":{"line":108,"column":7}},"loc":{"start":{"line":108,"column":39},"end":{"line":110,"column":3}}},"11":{"name":"(anonymous_15)","decl":{"start":{"line":113,"column":2},"end":{"line":113,"column":7}},"loc":{"start":{"line":113,"column":67},"end":{"line":115,"column":3}}},"12":{"name":"(anonymous_16)","decl":{"start":{"line":120,"column":2},"end":{"line":120,"column":7}},"loc":{"start":{"line":123,"column":14},"end":{"line":131,"column":3}}},"13":{"name":"(anonymous_17)","decl":{"start":{"line":136,"column":2},"end":{"line":136,"column":7}},"loc":{"start":{"line":136,"column":61},"end":{"line":138,"column":3}}},"14":{"name":"(anonymous_18)","decl":{"start":{"line":148,"column":2},"end":{"line":148,"column":7}},"loc":{"start":{"line":151,"column":46},"end":{"line":154,"column":3}}}},"branchMap":{"0":{"loc":{"start":{"line":126,"column":6},"end":{"line":129,"column":37}},"type":"binary-expr","locations":[{"start":{"line":126,"column":7},"end":{"line":128,"column":null}},{"start":{"line":129,"column":12},"end":{"line":129,"column":37}}]}},"s":{"0":1,"1":1,"2":1,"3":1,"4":1,"5":1,"6":1,"7":1,"8":1,"9":1,"10":1,"11":1,"12":1,"13":1,"14":0,"15":1,"16":1,"17":0,"18":0,"19":0,"20":0,"21":0,"22":0,"23":0,"24":0,"25":0,"26":0,"27":0,"28":0,"29":0,"30":1,"31":1,"32":1,"33":1,"34":1,"35":1,"36":1,"37":1,"38":1,"39":1,"40":1,"41":1,"42":1,"43":1,"44":1},"f":{"0":0,"1":1,"2":0,"3":0,"4":0,"5":0,"6":0,"7":0,"8":0,"9":0,"10":0,"11":0,"12":0,"13":0,"14":0},"b":{"0":[0,0]}}
,"/home/kali/Documents/projects/historic_horizons/server/src/articles/articles.module.ts": {"path":"/home/kali/Documents/projects/historic_horizons/server/src/articles/articles.module.ts","statementMap":{"0":{"start":{"line":1,"column":0},"end":{"line":1,"column":40}},"1":{"start":{"line":2,"column":0},"end":{"line":2,"column":59}},"2":{"start":{"line":3,"column":0},"end":{"line":3,"column":53}},"3":{"start":{"line":4,"column":0},"end":{"line":4,"column":51}},"4":{"start":{"line":10,"column":7},"end":{"line":10,"column":null}},"5":{"start":{"line":10,"column":13},"end":{"line":10,"column":27}},"6":{"start":{"line":10,"column":13},"end":{"line":10,"column":null}}},"fnMap":{},"branchMap":{},"s":{"0":0,"1":0,"2":0,"3":0,"4":0,"5":0,"6":0},"f":{},"b":{}}
,"/home/kali/Documents/projects/historic_horizons/server/src/articles/articles.service.ts": {"path":"/home/kali/Documents/projects/historic_horizons/server/src/articles/articles.service.ts","statementMap":{"0":{"start":{"line":1,"column":0},"end":{"line":1,"column":44}},"1":{"start":{"line":2,"column":0},"end":{"line":2,"column":50}},"2":{"start":{"line":9,"column":0},"end":{"line":9,"column":24}},"3":{"start":{"line":10,"column":0},"end":{"line":10,"column":28}},"4":{"start":{"line":13,"column":7},"end":{"line":217,"column":null}},"5":{"start":{"line":14,"column":22},"end":{"line":14,"column":30}},"6":{"start":{"line":17,"column":4},"end":{"line":17,"column":42}},"7":{"start":{"line":21,"column":4},"end":{"line":24,"column":7}},"8":{"start":{"line":32,"column":4},"end":{"line":50,"column":5}},"9":{"start":{"line":33,"column":22},"end":{"line":42,"column":8}},"10":{"start":{"line":43,"column":6},"end":{"line":46,"column":9}},"11":{"start":{"line":47,"column":6},"end":{"line":47,"column":21}},"12":{"start":{"line":49,"column":6},"end":{"line":49,"column":40}},"13":{"start":{"line":56,"column":4},"end":{"line":65,"column":5}},"14":{"start":{"line":57,"column":6},"end":{"line":62,"column":9}},"15":{"start":{"line":64,"column":6},"end":{"line":64,"column":59}},"16":{"start":{"line":69,"column":4},"end":{"line":73,"column":7}},"17":{"start":{"line":77,"column":4},"end":{"line":83,"column":7}},"18":{"start":{"line":87,"column":4},"end":{"line":93,"column":7}},"19":{"start":{"line":100,"column":4},"end":{"line":118,"column":7}},"20":{"start":{"line":122,"column":4},"end":{"line":122,"column":55}},"21":{"start":{"line":126,"column":4},"end":{"line":135,"column":7}},"22":{"start":{"line":142,"column":20},"end":{"line":147,"column":6}},"23":{"start":{"line":148,"column":4},"end":{"line":148,"column":34}},"24":{"start":{"line":152,"column":35},"end":{"line":156,"column":6}},"25":{"start":{"line":157,"column":28},"end":{"line":161,"column":6}},"26":{"start":{"line":163,"column":4},"end":{"line":168,"column":6}},"27":{"start":{"line":166,"column":8},"end":{"line":166,"column":25}},"28":{"start":{"line":170,"column":4},"end":{"line":170,"column":68}},"29":{"start":{"line":178,"column":20},"end":{"line":185,"column":6}},"30":{"start":{"line":187,"column":4},"end":{"line":191,"column":5}},"31":{"start":{"line":188,"column":6},"end":{"line":190,"column":9}},"32":{"start":{"line":189,"column":8},"end":{"line":189,"column":25}},"33":{"start":{"line":193,"column":27},"end":{"line":202,"column":6}},"34":{"start":{"line":204,"column":4},"end":{"line":213,"column":5}},"35":{"start":{"line":205,"column":6},"end":{"line":212,"column":9}},"36":{"start":{"line":215,"column":4},"end":{"line":215,"column":26}},"37":{"start":{"line":13,"column":13},"end":{"line":13,"column":28}},"38":{"start":{"line":13,"column":13},"end":{"line":217,"column":null}}},"fnMap":{"0":{"name":"(anonymous_2)","decl":{"start":{"line":14,"column":2},"end":{"line":14,"column":22}},"loc":{"start":{"line":14,"column":43},"end":{"line":14,"column":47}}},"1":{"name":"(anonymous_3)","decl":{"start":{"line":16,"column":2},"end":{"line":16,"column":7}},"loc":{"start":{"line":16,"column":20},"end":{"line":18,"column":3}}},"2":{"name":"(anonymous_4)","decl":{"start":{"line":20,"column":2},"end":{"line":20,"column":7}},"loc":{"start":{"line":20,"column":33},"end":{"line":25,"column":3}}},"3":{"name":"(anonymous_5)","decl":{"start":{"line":27,"column":2},"end":{"line":27,"column":7}},"loc":{"start":{"line":30,"column":21},"end":{"line":51,"column":3}}},"4":{"name":"(anonymous_6)","decl":{"start":{"line":53,"column":2},"end":{"line":53,"column":7}},"loc":{"start":{"line":54,"column":31},"end":{"line":66,"column":3}}},"5":{"name":"(anonymous_7)","decl":{"start":{"line":68,"column":2},"end":{"line":68,"column":7}},"loc":{"start":{"line":68,"column":22},"end":{"line":74,"column":3}}},"6":{"name":"(anonymous_8)","decl":{"start":{"line":76,"column":2},"end":{"line":76,"column":7}},"loc":{"start":{"line":76,"column":36},"end":{"line":84,"column":3}}},"7":{"name":"(anonymous_9)","decl":{"start":{"line":86,"column":2},"end":{"line":86,"column":7}},"loc":{"start":{"line":86,"column":38},"end":{"line":94,"column":3}}},"8":{"name":"(anonymous_10)","decl":{"start":{"line":96,"column":2},"end":{"line":96,"column":7}},"loc":{"start":{"line":98,"column":17},"end":{"line":119,"column":3}}},"9":{"name":"(anonymous_11)","decl":{"start":{"line":121,"column":2},"end":{"line":121,"column":7}},"loc":{"start":{"line":121,"column":37},"end":{"line":123,"column":3}}},"10":{"name":"(anonymous_12)","decl":{"start":{"line":125,"column":2},"end":{"line":125,"column":7}},"loc":{"start":{"line":125,"column":45},"end":{"line":136,"column":3}}},"11":{"name":"(anonymous_13)","decl":{"start":{"line":138,"column":2},"end":{"line":138,"column":7}},"loc":{"start":{"line":140,"column":22},"end":{"line":149,"column":3}}},"12":{"name":"(anonymous_14)","decl":{"start":{"line":151,"column":2},"end":{"line":151,"column":7}},"loc":{"start":{"line":151,"column":40},"end":{"line":171,"column":3}}},"13":{"name":"(anonymous_15)","decl":{"start":{"line":165,"column":6},"end":{"line":165,"column":7}},"loc":{"start":{"line":165,"column":14},"end":{"line":167,"column":7}}},"14":{"name":"(anonymous_16)","decl":{"start":{"line":173,"column":2},"end":{"line":173,"column":7}},"loc":{"start":{"line":176,"column":19},"end":{"line":216,"column":3}}},"15":{"name":"(anonymous_17)","decl":{"start":{"line":188,"column":67},"end":{"line":188,"column":68}},"loc":{"start":{"line":188,"column":75},"end":{"line":190,"column":7}}}},"branchMap":{"0":{"loc":{"start":{"line":148,"column":11},"end":{"line":148,"column":33}},"type":"cond-expr","locations":[{"start":{"line":148,"column":21},"end":{"line":148,"column":25}},{"start":{"line":148,"column":28},"end":{"line":148,"column":33}}]},"1":{"loc":{"start":{"line":170,"column":11},"end":{"line":170,"column":67}},"type":"cond-expr","locations":[{"start":{"line":170,"column":55},"end":{"line":170,"column":59}},{"start":{"line":170,"column":62},"end":{"line":170,"column":67}}]},"2":{"loc":{"start":{"line":170,"column":11},"end":{"line":170,"column":52}},"type":"binary-expr","locations":[{"start":{"line":170,"column":11},"end":{"line":170,"column":26}},{"start":{"line":170,"column":30},"end":{"line":170,"column":52}}]},"3":{"loc":{"start":{"line":187,"column":4},"end":{"line":191,"column":5}},"type":"if","locations":[{"start":{"line":187,"column":4},"end":{"line":191,"column":5}}]},"4":{"loc":{"start":{"line":204,"column":4},"end":{"line":213,"column":5}},"type":"if","locations":[{"start":{"line":204,"column":4},"end":{"line":213,"column":5}}]},"5":{"loc":{"start":{"line":204,"column":8},"end":{"line":204,"column":38}},"type":"binary-expr","locations":[{"start":{"line":204,"column":8},"end":{"line":204,"column":22}},{"start":{"line":204,"column":26},"end":{"line":204,"column":38}}]}},"s":{"0":2,"1":2,"2":2,"3":2,"4":2,"5":2,"6":0,"7":0,"8":0,"9":0,"10":0,"11":0,"12":0,"13":0,"14":0,"15":0,"16":0,"17":0,"18":0,"19":0,"20":0,"21":0,"22":0,"23":0,"24":0,"25":0,"26":0,"27":0,"28":0,"29":0,"30":0,"31":0,"32":0,"33":0,"34":0,"35":0,"36":0,"37":2,"38":2},"f":{"0":2,"1":0,"2":0,"3":0,"4":0,"5":0,"6":0,"7":0,"8":0,"9":0,"10":0,"11":0,"12":0,"13":0,"14":0,"15":0},"b":{"0":[0,0],"1":[0,0],"2":[0,0],"3":[0],"4":[0],"5":[0,0]}}
,"/home/kali/Documents/projects/historic_horizons/server/src/auth/auth.controller.ts": {"path":"/home/kali/Documents/projects/historic_horizons/server/src/auth/auth.controller.ts","statementMap":{"0":{"start":{"line":1,"column":0},"end":{"line":1,"column":null}},"1":{"start":{"line":10,"column":0},"end":{"line":10,"column":52}},"2":{"start":{"line":11,"column":0},"end":{"line":11,"column":45}},"3":{"start":{"line":12,"column":0},"end":{"line":12,"column":51}},"4":{"start":{"line":15,"column":0},"end":{"line":15,"column":48}},"5":{"start":{"line":16,"column":0},"end":{"line":16,"column":50}},"6":{"start":{"line":17,"column":0},"end":{"line":17,"column":49}},"7":{"start":{"line":18,"column":0},"end":{"line":18,"column":42}},"8":{"start":{"line":21,"column":7},"end":{"line":87,"column":null}},"9":{"start":{"line":22,"column":22},"end":{"line":22,"column":35}},"10":{"start":{"line":30,"column":17},"end":{"line":30,"column":52}},"11":{"start":{"line":31,"column":18},"end":{"line":31,"column":52}},"12":{"start":{"line":32,"column":4},"end":{"line":39,"column":22}},"13":{"start":{"line":51,"column":4},"end":{"line":51,"column":54}},"14":{"start":{"line":57,"column":4},"end":{"line":65,"column":6}},"15":{"start":{"line":71,"column":18},"end":{"line":71,"column":56}},"16":{"start":{"line":72,"column":4},"end":{"line":79,"column":32}},"17":{"start":{"line":84,"column":4},"end":{"line":84,"column":20}},"18":{"start":{"line":85,"column":4},"end":{"line":85,"column":59}},"19":{"start":{"line":21,"column":13},"end":{"line":21,"column":27}},"20":{"start":{"line":25,"column":8},"end":{"line":40,"column":null}},"21":{"start":{"line":50,"column":8},"end":{"line":52,"column":null}},"22":{"start":{"line":56,"column":8},"end":{"line":66,"column":null}},"23":{"start":{"line":70,"column":8},"end":{"line":80,"column":null}},"24":{"start":{"line":83,"column":8},"end":{"line":86,"column":null}},"25":{"start":{"line":21,"column":13},"end":{"line":87,"column":null}}},"fnMap":{"0":{"name":"(anonymous_4)","decl":{"start":{"line":22,"column":2},"end":{"line":22,"column":22}},"loc":{"start":{"line":22,"column":46},"end":{"line":22,"column":50}}},"1":{"name":"(anonymous_5)","decl":{"start":{"line":25,"column":2},"end":{"line":25,"column":7}},"loc":{"start":{"line":28,"column":24},"end":{"line":40,"column":3}}},"2":{"name":"(anonymous_6)","decl":{"start":{"line":50,"column":2},"end":{"line":50,"column":7}},"loc":{"start":{"line":50,"column":48},"end":{"line":52,"column":3}}},"3":{"name":"(anonymous_7)","decl":{"start":{"line":56,"column":2},"end":{"line":56,"column":7}},"loc":{"start":{"line":56,"column":30},"end":{"line":66,"column":3}}},"4":{"name":"(anonymous_8)","decl":{"start":{"line":70,"column":2},"end":{"line":70,"column":7}},"loc":{"start":{"line":70,"column":71},"end":{"line":80,"column":3}}},"5":{"name":"(anonymous_9)","decl":{"start":{"line":83,"column":2},"end":{"line":83,"column":7}},"loc":{"start":{"line":83,"column":72},"end":{"line":86,"column":3}}}},"branchMap":{},"s":{"0":1,"1":1,"2":1,"3":1,"4":1,"5":1,"6":1,"7":1,"8":1,"9":1,"10":0,"11":0,"12":0,"13":0,"14":0,"15":0,"16":0,"17":0,"18":0,"19":1,"20":1,"21":1,"22":1,"23":1,"24":1,"25":1},"f":{"0":1,"1":0,"2":0,"3":0,"4":0,"5":0},"b":{}}
,"/home/kali/Documents/projects/historic_horizons/server/src/auth/auth.module.ts": {"path":"/home/kali/Documents/projects/historic_horizons/server/src/auth/auth.module.ts","statementMap":{"0":{"start":{"line":1,"column":0},"end":{"line":1,"column":40}},"1":{"start":{"line":2,"column":0},"end":{"line":2,"column":45}},"2":{"start":{"line":3,"column":0},"end":{"line":3,"column":51}},"3":{"start":{"line":4,"column":0},"end":{"line":4,"column":55}},"4":{"start":{"line":5,"column":0},"end":{"line":5,"column":51}},"5":{"start":{"line":6,"column":0},"end":{"line":6,"column":50}},"6":{"start":{"line":7,"column":0},"end":{"line":7,"column":53}},"7":{"start":{"line":8,"column":0},"end":{"line":8,"column":40}},"8":{"start":{"line":9,"column":0},"end":{"line":9,"column":49}},"9":{"start":{"line":10,"column":0},"end":{"line":10,"column":45}},"10":{"start":{"line":31,"column":7},"end":{"line":31,"column":null}},"11":{"start":{"line":31,"column":13},"end":{"line":31,"column":23}},"12":{"start":{"line":31,"column":13},"end":{"line":31,"column":null}}},"fnMap":{},"branchMap":{},"s":{"0":0,"1":0,"2":0,"3":0,"4":0,"5":0,"6":0,"7":0,"8":0,"9":0,"10":0,"11":0,"12":0},"f":{},"b":{}}
,"/home/kali/Documents/projects/historic_horizons/server/src/auth/auth.service.ts": {"path":"/home/kali/Documents/projects/historic_horizons/server/src/auth/auth.service.ts","statementMap":{"0":{"start":{"line":1,"column":0},"end":{"line":1,"column":65}},"1":{"start":{"line":2,"column":0},"end":{"line":2,"column":41}},"2":{"start":{"line":5,"column":0},"end":{"line":5,"column":50}},"3":{"start":{"line":6,"column":0},"end":{"line":6,"column":54}},"4":{"start":{"line":7,"column":0},"end":{"line":7,"column":33}},"5":{"start":{"line":11,"column":7},"end":{"line":72,"column":null}},"6":{"start":{"line":13,"column":12},"end":{"line":13,"column":26}},"7":{"start":{"line":14,"column":12},"end":{"line":14,"column":24}},"8":{"start":{"line":15,"column":12},"end":{"line":15,"column":20}},"9":{"start":{"line":19,"column":4},"end":{"line":35,"column":5}},"10":{"start":{"line":20,"column":19},"end":{"line":20,"column":43}},"11":{"start":{"line":21,"column":19},"end":{"line":21,"column":57}},"12":{"start":{"line":23,"column":22},"end":{"line":30,"column":8}},"13":{"start":{"line":31,"column":6},"end":{"line":31,"column":21}},"14":{"start":{"line":33,"column":6},"end":{"line":33,"column":40}},"15":{"start":{"line":34,"column":6},"end":{"line":34,"column":38}},"16":{"start":{"line":42,"column":17},"end":{"line":42,"column":55}},"17":{"start":{"line":43,"column":4},"end":{"line":50,"column":5}},"18":{"start":{"line":44,"column":24},"end":{"line":44,"column":69}},"19":{"start":{"line":46,"column":6},"end":{"line":49,"column":7}},"20":{"start":{"line":47,"column":40},"end":{"line":47,"column":44}},"21":{"start":{"line":48,"column":8},"end":{"line":48,"column":22}},"22":{"start":{"line":51,"column":4},"end":{"line":51,"column":16}},"23":{"start":{"line":55,"column":20},"end":{"line":61,"column":6}},"24":{"start":{"line":62,"column":4},"end":{"line":70,"column":6}},"25":{"start":{"line":11,"column":13},"end":{"line":11,"column":24}},"26":{"start":{"line":11,"column":13},"end":{"line":72,"column":null}}},"fnMap":{"0":{"name":"(anonymous_2)","decl":{"start":{"line":12,"column":2},"end":{"line":12,"column":null}},"loc":{"start":{"line":15,"column":33},"end":{"line":16,"column":6}}},"1":{"name":"(anonymous_3)","decl":{"start":{"line":18,"column":2},"end":{"line":18,"column":7}},"loc":{"start":{"line":18,"column":47},"end":{"line":36,"column":3}}},"2":{"name":"(anonymous_4)","decl":{"start":{"line":38,"column":2},"end":{"line":38,"column":7}},"loc":{"start":{"line":40,"column":20},"end":{"line":52,"column":3}}},"3":{"name":"(anonymous_5)","decl":{"start":{"line":54,"column":2},"end":{"line":54,"column":7}},"loc":{"start":{"line":54,"column":23},"end":{"line":71,"column":3}}}},"branchMap":{"0":{"loc":{"start":{"line":28,"column":16},"end":{"line":28,"column":30}},"type":"binary-expr","locations":[{"start":{"line":28,"column":16},"end":{"line":28,"column":20}},{"start":{"line":28,"column":24},"end":{"line":28,"column":30}}]},"1":{"loc":{"start":{"line":43,"column":4},"end":{"line":50,"column":5}},"type":"if","locations":[{"start":{"line":43,"column":4},"end":{"line":50,"column":5}}]},"2":{"loc":{"start":{"line":46,"column":6},"end":{"line":49,"column":7}},"type":"if","locations":[{"start":{"line":46,"column":6},"end":{"line":49,"column":7}}]}},"s":{"0":3,"1":3,"2":3,"3":3,"4":3,"5":3,"6":3,"7":3,"8":3,"9":0,"10":0,"11":0,"12":0,"13":0,"14":0,"15":0,"16":0,"17":0,"18":0,"19":0,"20":0,"21":0,"22":0,"23":0,"24":0,"25":3,"26":3},"f":{"0":3,"1":0,"2":0,"3":0},"b":{"0":[0,0],"1":[0],"2":[0]}}
,"/home/kali/Documents/projects/historic_horizons/server/src/auth/jwt-auth.guard.ts": {"path":"/home/kali/Documents/projects/historic_horizons/server/src/auth/jwt-auth.guard.ts","statementMap":{"0":{"start":{"line":1,"column":0},"end":{"line":1,"column":44}},"1":{"start":{"line":2,"column":0},"end":{"line":2,"column":45}},"2":{"start":{"line":5,"column":7},"end":{"line":5,"column":null}},"3":{"start":{"line":5,"column":13},"end":{"line":5,"column":25}},"4":{"start":{"line":5,"column":13},"end":{"line":5,"column":null}}},"fnMap":{},"branchMap":{},"s":{"0":3,"1":3,"2":3,"3":3,"4":3},"f":{},"b":{}}
,"/home/kali/Documents/projects/historic_horizons/server/src/auth/jwt.strategy.ts": {"path":"/home/kali/Documents/projects/historic_horizons/server/src/auth/jwt.strategy.ts","statementMap":{"0":{"start":{"line":1,"column":0},"end":{"line":1,"column":40}},"1":{"start":{"line":2,"column":0},"end":{"line":2,"column":52}},"2":{"start":{"line":3,"column":0},"end":{"line":3,"column":44}},"3":{"start":{"line":7,"column":7},"end":{"line":31,"column":null}},"4":{"start":{"line":9,"column":4},"end":{"line":19,"column":7}},"5":{"start":{"line":11,"column":20},"end":{"line":11,"column":24}},"6":{"start":{"line":12,"column":8},"end":{"line":14,"column":9}},"7":{"start":{"line":13,"column":10},"end":{"line":13,"column":37}},"8":{"start":{"line":15,"column":8},"end":{"line":15,"column":21}},"9":{"start":{"line":23,"column":4},"end":{"line":29,"column":6}},"10":{"start":{"line":7,"column":13},"end":{"line":7,"column":24}},"11":{"start":{"line":7,"column":13},"end":{"line":31,"column":null}}},"fnMap":{"0":{"name":"(anonymous_2)","decl":{"start":{"line":8,"column":2},"end":{"line":8,"column":null}},"loc":{"start":{"line":8,"column":2},"end":{"line":20,"column":3}}},"1":{"name":"(anonymous_3)","decl":{"start":{"line":10,"column":22},"end":{"line":10,"column":23}},"loc":{"start":{"line":10,"column":39},"end":{"line":16,"column":7}}},"2":{"name":"(anonymous_4)","decl":{"start":{"line":22,"column":2},"end":{"line":22,"column":7}},"loc":{"start":{"line":22,"column":29},"end":{"line":30,"column":3}}}},"branchMap":{"0":{"loc":{"start":{"line":12,"column":8},"end":{"line":14,"column":9}},"type":"if","locations":[{"start":{"line":12,"column":8},"end":{"line":14,"column":9}}]},"1":{"loc":{"start":{"line":12,"column":12},"end":{"line":12,"column":30}},"type":"binary-expr","locations":[{"start":{"line":12,"column":12},"end":{"line":12,"column":15}},{"start":{"line":12,"column":19},"end":{"line":12,"column":30}}]}},"s":{"0":1,"1":1,"2":1,"3":1,"4":1,"5":0,"6":0,"7":0,"8":0,"9":0,"10":1,"11":1},"f":{"0":1,"1":0,"2":0},"b":{"0":[0],"1":[0,0]}}
,"/home/kali/Documents/projects/historic_horizons/server/src/auth/local-auth.guard.ts": {"path":"/home/kali/Documents/projects/historic_horizons/server/src/auth/local-auth.guard.ts","statementMap":{"0":{"start":{"line":1,"column":0},"end":{"line":1,"column":44}},"1":{"start":{"line":2,"column":0},"end":{"line":2,"column":45}},"2":{"start":{"line":5,"column":7},"end":{"line":5,"column":null}},"3":{"start":{"line":5,"column":13},"end":{"line":5,"column":27}},"4":{"start":{"line":5,"column":13},"end":{"line":5,"column":null}}},"fnMap":{},"branchMap":{},"s":{"0":1,"1":1,"2":1,"3":1,"4":1},"f":{},"b":{}}
,"/home/kali/Documents/projects/historic_horizons/server/src/auth/local.strategy.ts": {"path":"/home/kali/Documents/projects/historic_horizons/server/src/auth/local.strategy.ts","statementMap":{"0":{"start":{"line":1,"column":0},"end":{"line":1,"column":42}},"1":{"start":{"line":2,"column":0},"end":{"line":2,"column":52}},"2":{"start":{"line":3,"column":0},"end":{"line":3,"column":null}},"3":{"start":{"line":8,"column":0},"end":{"line":8,"column":45}},"4":{"start":{"line":12,"column":7},"end":{"line":33,"column":null}},"5":{"start":{"line":14,"column":4},"end":{"line":17,"column":7}},"6":{"start":{"line":13,"column":22},"end":{"line":13,"column":35}},"7":{"start":{"line":24,"column":17},"end":{"line":24,"column":69}},"8":{"start":{"line":25,"column":4},"end":{"line":27,"column":5}},"9":{"start":{"line":26,"column":6},"end":{"line":26,"column":40}},"10":{"start":{"line":28,"column":4},"end":{"line":30,"column":5}},"11":{"start":{"line":29,"column":6},"end":{"line":29,"column":37}},"12":{"start":{"line":31,"column":4},"end":{"line":31,"column":16}},"13":{"start":{"line":12,"column":13},"end":{"line":12,"column":26}},"14":{"start":{"line":12,"column":13},"end":{"line":33,"column":null}}},"fnMap":{"0":{"name":"(anonymous_2)","decl":{"start":{"line":13,"column":2},"end":{"line":13,"column":22}},"loc":{"start":{"line":13,"column":46},"end":{"line":18,"column":3}}},"1":{"name":"(anonymous_3)","decl":{"start":{"line":20,"column":2},"end":{"line":20,"column":7}},"loc":{"start":{"line":22,"column":20},"end":{"line":32,"column":3}}}},"branchMap":{"0":{"loc":{"start":{"line":25,"column":4},"end":{"line":27,"column":5}},"type":"if","locations":[{"start":{"line":25,"column":4},"end":{"line":27,"column":5}}]},"1":{"loc":{"start":{"line":28,"column":4},"end":{"line":30,"column":5}},"type":"if","locations":[{"start":{"line":28,"column":4},"end":{"line":30,"column":5}}]}},"s":{"0":2,"1":2,"2":2,"3":2,"4":2,"5":2,"6":2,"7":0,"8":0,"9":0,"10":0,"11":0,"12":0,"13":2,"14":2},"f":{"0":2,"1":0},"b":{"0":[0],"1":[0]}}
,"/home/kali/Documents/projects/historic_horizons/server/src/dto/edit-article.dto.ts": {"path":"/home/kali/Documents/projects/historic_horizons/server/src/dto/edit-article.dto.ts","statementMap":{"0":{"start":{"line":1,"column":0},"end":{"line":1,"column":13}}},"fnMap":{},"branchMap":{},"s":{"0":1},"f":{},"b":{}}
,"/home/kali/Documents/projects/historic_horizons/server/src/dto/post-article.dto.ts": {"path":"/home/kali/Documents/projects/historic_horizons/server/src/dto/post-article.dto.ts","statementMap":{"0":{"start":{"line":1,"column":0},"end":{"line":1,"column":13}},"1":{"start":{"line":8,"column":0},"end":{"line":8,"column":13}}},"fnMap":{},"branchMap":{},"s":{"0":1,"1":1},"f":{},"b":{}}
,"/home/kali/Documents/projects/historic_horizons/server/src/dto/sign-up.dto.ts": {"path":"/home/kali/Documents/projects/historic_horizons/server/src/dto/sign-up.dto.ts","statementMap":{"0":{"start":{"line":1,"column":0},"end":{"line":1,"column":65}},"1":{"start":{"line":15,"column":2},"end":{"line":15,"column":28}},"2":{"start":{"line":3,"column":0},"end":{"line":3,"column":13}},"3":{"start":{"line":6,"column":2},"end":{"line":6,"column":null}},"4":{"start":{"line":9,"column":2},"end":{"line":9,"column":null}},"5":{"start":{"line":13,"column":2},"end":{"line":13,"column":null}},"6":{"start":{"line":18,"column":0},"end":{"line":18,"column":null}},"7":{"start":{"line":19,"column":2},"end":{"line":19,"column":null}},"8":{"start":{"line":20,"column":2},"end":{"line":20,"column":null}},"9":{"start":{"line":21,"column":2},"end":{"line":21,"column":null}}},"fnMap":{"0":{"name":"(anonymous_2)","decl":{"start":{"line":3,"column":0},"end":{"line":3,"column":13}},"loc":{"start":{"line":3,"column":0},"end":{"line":16,"column":1}}},"1":{"name":"(anonymous_3)","decl":{"start":{"line":18,"column":0},"end":{"line":18,"column":12}},"loc":{"start":{"line":18,"column":17},"end":{"line":22,"column":1}}}},"branchMap":{"0":{"loc":{"start":{"line":18,"column":12},"end":{"line":18,"column":null}},"type":"binary-expr","locations":[{"start":{"line":18,"column":12},"end":{"line":18,"column":17}},{"start":{"line":18,"column":17},"end":{"line":18,"column":null}}]}},"s":{"0":1,"1":0,"2":1,"3":1,"4":1,"5":1,"6":1,"7":1,"8":1,"9":1},"f":{"0":0,"1":1},"b":{"0":[1,1]}}
,"/home/kali/Documents/projects/historic_horizons/server/src/roles/role.enum.ts": {"path":"/home/kali/Documents/projects/historic_horizons/server/src/roles/role.enum.ts","statementMap":{"0":{"start":{"line":1,"column":0},"end":{"line":1,"column":null}},"1":{"start":{"line":2,"column":2},"end":{"line":2,"column":null}},"2":{"start":{"line":3,"column":2},"end":{"line":3,"column":null}},"3":{"start":{"line":4,"column":2},"end":{"line":4,"column":null}}},"fnMap":{"0":{"name":"(anonymous_0)","decl":{"start":{"line":1,"column":0},"end":{"line":1,"column":12}},"loc":{"start":{"line":1,"column":16},"end":{"line":5,"column":1}}}},"branchMap":{"0":{"loc":{"start":{"line":1,"column":12},"end":{"line":1,"column":null}},"type":"binary-expr","locations":[{"start":{"line":1,"column":12},"end":{"line":1,"column":16}},{"start":{"line":1,"column":16},"end":{"line":1,"column":null}}]}},"s":{"0":3,"1":3,"2":3,"3":3},"f":{"0":3},"b":{"0":[3,3]}}
,"/home/kali/Documents/projects/historic_horizons/server/src/roles/roles.decorator.ts": {"path":"/home/kali/Documents/projects/historic_horizons/server/src/roles/roles.decorator.ts","statementMap":{"0":{"start":{"line":1,"column":0},"end":{"line":1,"column":45}},"1":{"start":{"line":4,"column":13},"end":{"line":4,"column":33}},"2":{"start":{"line":5,"column":21},"end":{"line":5,"column":72}},"3":{"start":{"line":5,"column":43},"end":{"line":5,"column":72}},"4":{"start":{"line":5,"column":13},"end":{"line":5,"column":21}}},"fnMap":{"0":{"name":"(anonymous_0)","decl":{"start":{"line":5,"column":21},"end":{"line":5,"column":22}},"loc":{"start":{"line":5,"column":43},"end":{"line":5,"column":72}}}},"branchMap":{},"s":{"0":3,"1":3,"2":3,"3":8,"4":3},"f":{"0":8},"b":{}}
,"/home/kali/Documents/projects/historic_horizons/server/src/roles/roles.guard.ts": {"path":"/home/kali/Documents/projects/historic_horizons/server/src/roles/roles.guard.ts","statementMap":{"0":{"start":{"line":1,"column":0},"end":{"line":1,"column":75}},"1":{"start":{"line":2,"column":0},"end":{"line":2,"column":41}},"2":{"start":{"line":4,"column":0},"end":{"line":4,"column":46}},"3":{"start":{"line":7,"column":7},"end":{"line":17,"column":null}},"4":{"start":{"line":8,"column":22},"end":{"line":8,"column":33}},"5":{"start":{"line":10,"column":26},"end":{"line":13,"column":6}},"6":{"start":{"line":14,"column":21},"end":{"line":14,"column":56}},"7":{"start":{"line":15,"column":4},"end":{"line":15,"column":60}},"8":{"start":{"line":15,"column":40},"end":{"line":15,"column":58}},"9":{"start":{"line":7,"column":13},"end":{"line":7,"column":23}},"10":{"start":{"line":7,"column":13},"end":{"line":17,"column":null}}},"fnMap":{"0":{"name":"(anonymous_2)","decl":{"start":{"line":8,"column":2},"end":{"line":8,"column":22}},"loc":{"start":{"line":8,"column":42},"end":{"line":8,"column":46}}},"1":{"name":"(anonymous_3)","decl":{"start":{"line":9,"column":2},"end":{"line":9,"column":13}},"loc":{"start":{"line":9,"column":39},"end":{"line":16,"column":3}}},"2":{"name":"(anonymous_4)","decl":{"start":{"line":15,"column":30},"end":{"line":15,"column":31}},"loc":{"start":{"line":15,"column":40},"end":{"line":15,"column":58}}}},"branchMap":{},"s":{"0":3,"1":3,"2":3,"3":3,"4":3,"5":0,"6":0,"7":0,"8":0,"9":3,"10":3},"f":{"0":3,"1":0,"2":0},"b":{}}
,"/home/kali/Documents/projects/historic_horizons/server/src/users/users.controller.ts": {"path":"/home/kali/Documents/projects/historic_horizons/server/src/users/users.controller.ts","statementMap":{"0":{"start":{"line":1,"column":0},"end":{"line":1,"column":null}},"1":{"start":{"line":13,"column":0},"end":{"line":13,"column":54}},"2":{"start":{"line":14,"column":0},"end":{"line":14,"column":47}},"3":{"start":{"line":15,"column":0},"end":{"line":15,"column":50}},"4":{"start":{"line":16,"column":0},"end":{"line":16,"column":49}},"5":{"start":{"line":17,"column":0},"end":{"line":17,"column":42}},"6":{"start":{"line":18,"column":0},"end":{"line":18,"column":56}},"7":{"start":{"line":20,"column":0},"end":{"line":20,"column":51}},"8":{"start":{"line":21,"column":0},"end":{"line":21,"column":58}},"9":{"start":{"line":24,"column":7},"end":{"line":74,"column":null}},"10":{"start":{"line":26,"column":12},"end":{"line":26,"column":26}},"11":{"start":{"line":27,"column":12},"end":{"line":27,"column":25}},"12":{"start":{"line":34,"column":4},"end":{"line":34,"column":41}},"13":{"start":{"line":40,"column":4},"end":{"line":40,"column":20}},"14":{"start":{"line":50,"column":23},"end":{"line":50,"column":77}},"15":{"start":{"line":51,"column":4},"end":{"line":56,"column":5}},"16":{"start":{"line":52,"column":23},"end":{"line":52,"column":63}},"17":{"start":{"line":53,"column":6},"end":{"line":55,"column":9}},"18":{"start":{"line":62,"column":4},"end":{"line":62,"column":67}},"19":{"start":{"line":72,"column":4},"end":{"line":72,"column":56}},"20":{"start":{"line":24,"column":13},"end":{"line":24,"column":28}},"21":{"start":{"line":33,"column":8},"end":{"line":35,"column":null}},"22":{"start":{"line":39,"column":8},"end":{"line":41,"column":null}},"23":{"start":{"line":45,"column":8},"end":{"line":57,"column":null}},"24":{"start":{"line":61,"column":8},"end":{"line":63,"column":null}},"25":{"start":{"line":68,"column":8},"end":{"line":73,"column":null}},"26":{"start":{"line":24,"column":13},"end":{"line":74,"column":null}}},"fnMap":{"0":{"name":"(anonymous_4)","decl":{"start":{"line":25,"column":2},"end":{"line":25,"column":null}},"loc":{"start":{"line":27,"column":36},"end":{"line":28,"column":6}}},"1":{"name":"(anonymous_5)","decl":{"start":{"line":33,"column":2},"end":{"line":33,"column":7}},"loc":{"start":{"line":33,"column":16},"end":{"line":35,"column":3}}},"2":{"name":"(anonymous_6)","decl":{"start":{"line":39,"column":2},"end":{"line":39,"column":7}},"loc":{"start":{"line":39,"column":29},"end":{"line":41,"column":3}}},"3":{"name":"(anonymous_7)","decl":{"start":{"line":45,"column":2},"end":{"line":45,"column":7}},"loc":{"start":{"line":48,"column":32},"end":{"line":57,"column":3}}},"4":{"name":"(anonymous_8)","decl":{"start":{"line":61,"column":2},"end":{"line":61,"column":7}},"loc":{"start":{"line":61,"column":62},"end":{"line":63,"column":3}}},"5":{"name":"(anonymous_9)","decl":{"start":{"line":68,"column":2},"end":{"line":68,"column":7}},"loc":{"start":{"line":70,"column":48},"end":{"line":73,"column":3}}}},"branchMap":{"0":{"loc":{"start":{"line":51,"column":4},"end":{"line":56,"column":5}},"type":"if","locations":[{"start":{"line":51,"column":4},"end":{"line":56,"column":5}}]}},"s":{"0":1,"1":1,"2":1,"3":1,"4":1,"5":1,"6":1,"7":1,"8":1,"9":1,"10":1,"11":1,"12":0,"13":0,"14":0,"15":0,"16":0,"17":0,"18":0,"19":0,"20":1,"21":1,"22":1,"23":1,"24":1,"25":1,"26":1},"f":{"0":1,"1":0,"2":0,"3":0,"4":0,"5":0},"b":{"0":[0]}}
,"/home/kali/Documents/projects/historic_horizons/server/src/users/users.module.ts": {"path":"/home/kali/Documents/projects/historic_horizons/server/src/users/users.module.ts","statementMap":{"0":{"start":{"line":1,"column":0},"end":{"line":1,"column":40}},"1":{"start":{"line":2,"column":0},"end":{"line":2,"column":47}},"2":{"start":{"line":3,"column":0},"end":{"line":3,"column":50}},"3":{"start":{"line":4,"column":0},"end":{"line":4,"column":51}},"4":{"start":{"line":5,"column":0},"end":{"line":5,"column":53}},"5":{"start":{"line":6,"column":0},"end":{"line":6,"column":41}},"6":{"start":{"line":12,"column":7},"end":{"line":12,"column":null}},"7":{"start":{"line":12,"column":13},"end":{"line":12,"column":24}},"8":{"start":{"line":12,"column":13},"end":{"line":12,"column":null}}},"fnMap":{},"branchMap":{},"s":{"0":0,"1":0,"2":0,"3":0,"4":0,"5":0,"6":0,"7":0,"8":0},"f":{},"b":{}}
,"/home/kali/Documents/projects/historic_horizons/server/src/users/users.service.ts": {"path":"/home/kali/Documents/projects/historic_horizons/server/src/users/users.service.ts","statementMap":{"0":{"start":{"line":1,"column":0},"end":{"line":1,"column":null}},"1":{"start":{"line":6,"column":0},"end":{"line":6,"column":50}},"2":{"start":{"line":10,"column":0},"end":{"line":10,"column":33}},"3":{"start":{"line":13,"column":7},"end":{"line":91,"column":null}},"4":{"start":{"line":14,"column":31},"end":{"line":14,"column":46}},"5":{"start":{"line":17,"column":4},"end":{"line":36,"column":7}},"6":{"start":{"line":40,"column":4},"end":{"line":44,"column":7}},"7":{"start":{"line":48,"column":4},"end":{"line":51,"column":7}},"8":{"start":{"line":55,"column":17},"end":{"line":55,"column":41}},"9":{"start":{"line":56,"column":17},"end":{"line":58,"column":6}},"10":{"start":{"line":59,"column":4},"end":{"line":61,"column":5}},"11":{"start":{"line":60,"column":6},"end":{"line":60,"column":52}},"12":{"start":{"line":63,"column":22},"end":{"line":63,"column":75}},"13":{"start":{"line":64,"column":4},"end":{"line":66,"column":5}},"14":{"start":{"line":65,"column":6},"end":{"line":65,"column":65}},"15":{"start":{"line":68,"column":24},"end":{"line":68,"column":62}},"16":{"start":{"line":70,"column":4},"end":{"line":75,"column":7}},"17":{"start":{"line":82,"column":4},"end":{"line":89,"column":7}},"18":{"start":{"line":13,"column":13},"end":{"line":13,"column":25}},"19":{"start":{"line":13,"column":13},"end":{"line":91,"column":null}}},"fnMap":{"0":{"name":"(anonymous_2)","decl":{"start":{"line":14,"column":2},"end":{"line":14,"column":31}},"loc":{"start":{"line":14,"column":59},"end":{"line":14,"column":63}}},"1":{"name":"(anonymous_3)","decl":{"start":{"line":16,"column":2},"end":{"line":16,"column":7}},"loc":{"start":{"line":16,"column":17},"end":{"line":37,"column":3}}},"2":{"name":"(anonymous_4)","decl":{"start":{"line":39,"column":2},"end":{"line":39,"column":7}},"loc":{"start":{"line":39,"column":29},"end":{"line":45,"column":3}}},"3":{"name":"(anonymous_5)","decl":{"start":{"line":47,"column":2},"end":{"line":47,"column":7}},"loc":{"start":{"line":47,"column":52},"end":{"line":52,"column":3}}},"4":{"name":"(anonymous_6)","decl":{"start":{"line":54,"column":2},"end":{"line":54,"column":7}},"loc":{"start":{"line":54,"column":54},"end":{"line":76,"column":3}}},"5":{"name":"(anonymous_7)","decl":{"start":{"line":78,"column":2},"end":{"line":78,"column":7}},"loc":{"start":{"line":80,"column":19},"end":{"line":90,"column":3}}}},"branchMap":{"0":{"loc":{"start":{"line":59,"column":4},"end":{"line":61,"column":5}},"type":"if","locations":[{"start":{"line":59,"column":4},"end":{"line":61,"column":5}}]},"1":{"loc":{"start":{"line":64,"column":4},"end":{"line":66,"column":5}},"type":"if","locations":[{"start":{"line":64,"column":4},"end":{"line":66,"column":5}}]}},"s":{"0":4,"1":4,"2":4,"3":4,"4":4,"5":0,"6":0,"7":0,"8":0,"9":0,"10":0,"11":0,"12":0,"13":0,"14":0,"15":0,"16":0,"17":0,"18":4,"19":4},"f":{"0":4,"1":0,"2":0,"3":0,"4":0,"5":0},"b":{"0":[0],"1":[0]}}
,"/home/kali/Documents/projects/historic_horizons/server/src/users/dto/edit-password.dto.ts": {"path":"/home/kali/Documents/projects/historic_horizons/server/src/users/dto/edit-password.dto.ts","statementMap":{"0":{"start":{"line":1,"column":0},"end":{"line":1,"column":56}},"1":{"start":{"line":3,"column":0},"end":{"line":3,"column":13}},"2":{"start":{"line":6,"column":2},"end":{"line":6,"column":null}},"3":{"start":{"line":10,"column":2},"end":{"line":10,"column":null}}},"fnMap":{},"branchMap":{},"s":{"0":1,"1":1,"2":1,"3":1},"f":{},"b":{}}
,"/home/kali/Documents/projects/historic_horizons/server/src/users/dto/edit-profile.dto.ts": {"path":"/home/kali/Documents/projects/historic_horizons/server/src/users/dto/edit-profile.dto.ts","statementMap":{"0":{"start":{"line":1,"column":0},"end":{"line":1,"column":54}},"1":{"start":{"line":3,"column":0},"end":{"line":3,"column":13}},"2":{"start":{"line":6,"column":2},"end":{"line":6,"column":null}},"3":{"start":{"line":9,"column":2},"end":{"line":9,"column":null}}},"fnMap":{},"branchMap":{},"s":{"0":1,"1":1,"2":1,"3":1},"f":{},"b":{}}
}
