TN:
SF:src/app.controller.ts
FN:6,(anonymous_2)
FN:9,(anonymous_3)
FNF:2
FNH:2
FNDA:1,(anonymous_2)
FNDA:1,(anonymous_3)
DA:1,1
DA:2,1
DA:5,1
DA:6,1
DA:9,1
DA:10,1
LF:6
LH:6
BRF:0
BRH:0
end_of_record
TN:
SF:src/app.module.ts
FNF:0
FNH:0
DA:1,0
DA:2,0
DA:3,0
DA:4,0
DA:5,0
DA:6,0
DA:7,0
DA:14,0
LF:8
LH:0
BRF:0
BRH:0
end_of_record
TN:
SF:src/app.service.ts
FN:5,(anonymous_1)
FNF:1
FNH:1
FNDA:1,(anonymous_1)
DA:1,1
DA:4,1
DA:6,1
LF:3
LH:3
BRF:0
BRH:0
end_of_record
TN:
SF:src/main.ts
FN:9,bootstrap
FNF:1
FNH:0
FNDA:0,bootstrap
DA:1,0
DA:2,0
DA:4,0
DA:5,0
DA:6,0
DA:7,0
DA:10,0
DA:14,0
DA:15,0
DA:16,0
DA:27,0
DA:28,0
DA:29,0
DA:32,0
DA:33,0
DA:35,0
LF:16
LH:0
BRF:0
BRH:0
end_of_record
TN:
SF:src/prisma.service.ts
FN:7,(anonymous_1)
FN:11,(anonymous_2)
FNF:2
FNH:0
FNDA:0,(anonymous_1)
FNDA:0,(anonymous_2)
DA:1,6
DA:2,6
DA:6,6
DA:8,0
DA:12,0
LF:5
LH:3
BRF:0
BRH:0
end_of_record
TN:
SF:src/articles/articles.controller.ts
FN:37,(anonymous_4)
FN:44,(anonymous_5)
FN:47,(anonymous_6)
FN:52,(anonymous_7)
FN:64,(anonymous_8)
FN:77,(anonymous_9)
FN:82,(anonymous_10)
FN:87,(anonymous_11)
FN:94,(anonymous_12)
FN:101,(anonymous_13)
FN:108,(anonymous_14)
FN:113,(anonymous_15)
FN:120,(anonymous_16)
FN:136,(anonymous_17)
FN:148,(anonymous_18)
FNF:15
FNH:1
FNDA:0,(anonymous_4)
FNDA:1,(anonymous_5)
FNDA:0,(anonymous_6)
FNDA:0,(anonymous_7)
FNDA:0,(anonymous_8)
FNDA:0,(anonymous_9)
FNDA:0,(anonymous_10)
FNDA:0,(anonymous_11)
FNDA:0,(anonymous_12)
FNDA:0,(anonymous_13)
FNDA:0,(anonymous_14)
FNDA:0,(anonymous_15)
FNDA:0,(anonymous_16)
FNDA:0,(anonymous_17)
FNDA:0,(anonymous_18)
DA:1,1
DA:15,1
DA:17,1
DA:18,1
DA:19,1
DA:20,1
DA:21,1
DA:22,1
DA:23,1
DA:24,1
DA:25,1
DA:26,1
DA:28,1
DA:35,1
DA:38,0
DA:43,1
DA:44,1
DA:47,1
DA:48,0
DA:52,1
DA:53,0
DA:64,1
DA:69,0
DA:77,1
DA:78,0
DA:82,1
DA:83,0
DA:87,1
DA:90,0
DA:94,1
DA:97,0
DA:101,1
DA:102,0
DA:108,1
DA:109,0
DA:113,1
DA:114,0
DA:120,1
DA:125,0
DA:136,1
DA:137,0
DA:148,1
DA:153,0
LF:43
LH:29
BRDA:126,0,0,0
BRDA:126,0,1,0
BRF:2
BRH:0
end_of_record
TN:
SF:src/articles/articles.module.ts
FNF:0
FNH:0
DA:1,0
DA:2,0
DA:3,0
DA:4,0
DA:10,0
LF:5
LH:0
BRF:0
BRH:0
end_of_record
TN:
SF:src/articles/articles.service.ts
FN:14,(anonymous_2)
FN:16,(anonymous_3)
FN:20,(anonymous_4)
FN:27,(anonymous_5)
FN:53,(anonymous_6)
FN:68,(anonymous_7)
FN:76,(anonymous_8)
FN:86,(anonymous_9)
FN:96,(anonymous_10)
FN:121,(anonymous_11)
FN:125,(anonymous_12)
FN:138,(anonymous_13)
FN:151,(anonymous_14)
FN:165,(anonymous_15)
FN:173,(anonymous_16)
FN:188,(anonymous_17)
FNF:16
FNH:1
FNDA:2,(anonymous_2)
FNDA:0,(anonymous_3)
FNDA:0,(anonymous_4)
FNDA:0,(anonymous_5)
FNDA:0,(anonymous_6)
FNDA:0,(anonymous_7)
FNDA:0,(anonymous_8)
FNDA:0,(anonymous_9)
FNDA:0,(anonymous_10)
FNDA:0,(anonymous_11)
FNDA:0,(anonymous_12)
FNDA:0,(anonymous_13)
FNDA:0,(anonymous_14)
FNDA:0,(anonymous_15)
FNDA:0,(anonymous_16)
FNDA:0,(anonymous_17)
DA:1,2
DA:2,2
DA:9,2
DA:10,2
DA:13,2
DA:14,2
DA:17,0
DA:21,0
DA:32,0
DA:33,0
DA:43,0
DA:47,0
DA:49,0
DA:56,0
DA:57,0
DA:64,0
DA:69,0
DA:77,0
DA:87,0
DA:100,0
DA:122,0
DA:126,0
DA:142,0
DA:148,0
DA:152,0
DA:157,0
DA:163,0
DA:166,0
DA:170,0
DA:178,0
DA:187,0
DA:188,0
DA:189,0
DA:193,0
DA:204,0
DA:205,0
DA:215,0
LF:37
LH:6
BRDA:148,0,0,0
BRDA:148,0,1,0
BRDA:170,1,0,0
BRDA:170,1,1,0
BRDA:170,2,0,0
BRDA:170,2,1,0
BRDA:187,3,0,0
BRDA:204,4,0,0
BRDA:204,5,0,0
BRDA:204,5,1,0
BRF:10
BRH:0
end_of_record
TN:
SF:src/auth/auth.controller.ts
FN:22,(anonymous_4)
FN:25,(anonymous_5)
FN:50,(anonymous_6)
FN:56,(anonymous_7)
FN:70,(anonymous_8)
FN:83,(anonymous_9)
FNF:6
FNH:1
FNDA:1,(anonymous_4)
FNDA:0,(anonymous_5)
FNDA:0,(anonymous_6)
FNDA:0,(anonymous_7)
FNDA:0,(anonymous_8)
FNDA:0,(anonymous_9)
DA:1,1
DA:10,1
DA:11,1
DA:12,1
DA:15,1
DA:16,1
DA:17,1
DA:18,1
DA:21,1
DA:22,1
DA:25,1
DA:30,0
DA:31,0
DA:32,0
DA:50,1
DA:51,0
DA:56,1
DA:57,0
DA:70,1
DA:71,0
DA:72,0
DA:83,1
DA:84,0
DA:85,0
LF:24
LH:15
BRF:0
BRH:0
end_of_record
TN:
SF:src/auth/auth.module.ts
FNF:0
FNH:0
DA:1,0
DA:2,0
DA:3,0
DA:4,0
DA:5,0
DA:6,0
DA:7,0
DA:8,0
DA:9,0
DA:10,0
DA:31,0
LF:11
LH:0
BRF:0
BRH:0
end_of_record
TN:
SF:src/auth/auth.service.ts
FN:12,(anonymous_2)
FN:18,(anonymous_3)
FN:38,(anonymous_4)
FN:54,(anonymous_5)
FNF:4
FNH:1
FNDA:3,(anonymous_2)
FNDA:0,(anonymous_3)
FNDA:0,(anonymous_4)
FNDA:0,(anonymous_5)
DA:1,3
DA:2,3
DA:5,3
DA:6,3
DA:7,3
DA:11,3
DA:13,3
DA:14,3
DA:15,3
DA:19,0
DA:20,0
DA:21,0
DA:23,0
DA:31,0
DA:33,0
DA:34,0
DA:42,0
DA:43,0
DA:44,0
DA:46,0
DA:47,0
DA:48,0
DA:51,0
DA:55,0
DA:62,0
LF:25
LH:9
BRDA:28,0,0,0
BRDA:28,0,1,0
BRDA:43,1,0,0
BRDA:46,2,0,0
BRF:4
BRH:0
end_of_record
TN:
SF:src/auth/jwt-auth.guard.ts
FNF:0
FNH:0
DA:1,3
DA:2,3
DA:5,3
LF:3
LH:3
BRF:0
BRH:0
end_of_record
TN:
SF:src/auth/jwt.strategy.ts
FN:8,(anonymous_2)
FN:10,(anonymous_3)
FN:22,(anonymous_4)
FNF:3
FNH:1
FNDA:1,(anonymous_2)
FNDA:0,(anonymous_3)
FNDA:0,(anonymous_4)
DA:1,1
DA:2,1
DA:3,1
DA:7,1
DA:9,1
DA:11,0
DA:12,0
DA:13,0
DA:15,0
DA:23,0
LF:10
LH:5
BRDA:12,0,0,0
BRDA:12,1,0,0
BRDA:12,1,1,0
BRF:3
BRH:0
end_of_record
TN:
SF:src/auth/local-auth.guard.ts
FNF:0
FNH:0
DA:1,1
DA:2,1
DA:5,1
LF:3
LH:3
BRF:0
BRH:0
end_of_record
TN:
SF:src/auth/local.strategy.ts
FN:13,(anonymous_2)
FN:20,(anonymous_3)
FNF:2
FNH:1
FNDA:2,(anonymous_2)
FNDA:0,(anonymous_3)
DA:1,2
DA:2,2
DA:3,2
DA:8,2
DA:12,2
DA:13,2
DA:14,2
DA:24,0
DA:25,0
DA:26,0
DA:28,0
DA:29,0
DA:31,0
LF:13
LH:7
BRDA:25,0,0,0
BRDA:28,1,0,0
BRF:2
BRH:0
end_of_record
TN:
SF:src/dto/edit-article.dto.ts
FNF:0
FNH:0
DA:1,1
LF:1
LH:1
BRF:0
BRH:0
end_of_record
TN:
SF:src/dto/post-article.dto.ts
FNF:0
FNH:0
DA:1,1
DA:8,1
LF:2
LH:2
BRF:0
BRH:0
end_of_record
TN:
SF:src/dto/sign-up.dto.ts
FN:3,(anonymous_2)
FN:18,(anonymous_3)
FNF:2
FNH:1
FNDA:0,(anonymous_2)
FNDA:1,(anonymous_3)
DA:1,1
DA:3,1
DA:6,1
DA:9,1
DA:13,1
DA:15,0
DA:18,1
DA:19,1
DA:20,1
DA:21,1
LF:10
LH:9
BRDA:18,0,0,1
BRDA:18,0,1,1
BRF:2
BRH:2
end_of_record
TN:
SF:src/roles/role.enum.ts
FN:1,(anonymous_0)
FNF:1
FNH:1
FNDA:3,(anonymous_0)
DA:1,3
DA:2,3
DA:3,3
DA:4,3
LF:4
LH:4
BRDA:1,0,0,3
BRDA:1,0,1,3
BRF:2
BRH:2
end_of_record
TN:
SF:src/roles/roles.decorator.ts
FN:5,(anonymous_0)
FNF:1
FNH:1
FNDA:8,(anonymous_0)
DA:1,3
DA:4,3
DA:5,8
LF:3
LH:3
BRF:0
BRH:0
end_of_record
TN:
SF:src/roles/roles.guard.ts
FN:8,(anonymous_2)
FN:9,(anonymous_3)
FN:15,(anonymous_4)
FNF:3
FNH:1
FNDA:3,(anonymous_2)
FNDA:0,(anonymous_3)
FNDA:0,(anonymous_4)
DA:1,3
DA:2,3
DA:4,3
DA:7,3
DA:8,3
DA:10,0
DA:14,0
DA:15,0
LF:8
LH:5
BRF:0
BRH:0
end_of_record
TN:
SF:src/users/users.controller.ts
FN:25,(anonymous_4)
FN:33,(anonymous_5)
FN:39,(anonymous_6)
FN:45,(anonymous_7)
FN:61,(anonymous_8)
FN:68,(anonymous_9)
FNF:6
FNH:1
FNDA:1,(anonymous_4)
FNDA:0,(anonymous_5)
FNDA:0,(anonymous_6)
FNDA:0,(anonymous_7)
FNDA:0,(anonymous_8)
FNDA:0,(anonymous_9)
DA:1,1
DA:13,1
DA:14,1
DA:15,1
DA:16,1
DA:17,1
DA:18,1
DA:20,1
DA:21,1
DA:24,1
DA:26,1
DA:27,1
DA:33,1
DA:34,0
DA:39,1
DA:40,0
DA:45,1
DA:50,0
DA:51,0
DA:52,0
DA:53,0
DA:61,1
DA:62,0
DA:68,1
DA:72,0
LF:25
LH:17
BRDA:51,0,0,0
BRF:1
BRH:0
end_of_record
TN:
SF:src/users/users.module.ts
FNF:0
FNH:0
DA:1,0
DA:2,0
DA:3,0
DA:4,0
DA:5,0
DA:6,0
DA:12,0
LF:7
LH:0
BRF:0
BRH:0
end_of_record
TN:
SF:src/users/users.service.ts
FN:14,(anonymous_2)
FN:16,(anonymous_3)
FN:39,(anonymous_4)
FN:47,(anonymous_5)
FN:54,(anonymous_6)
FN:78,(anonymous_7)
FNF:6
FNH:1
FNDA:4,(anonymous_2)
FNDA:0,(anonymous_3)
FNDA:0,(anonymous_4)
FNDA:0,(anonymous_5)
FNDA:0,(anonymous_6)
FNDA:0,(anonymous_7)
DA:1,4
DA:6,4
DA:10,4
DA:13,4
DA:14,4
DA:17,0
DA:40,0
DA:48,0
DA:55,0
DA:56,0
DA:59,0
DA:60,0
DA:63,0
DA:64,0
DA:65,0
DA:68,0
DA:70,0
DA:82,0
LF:18
LH:5
BRDA:59,0,0,0
BRDA:64,1,0,0
BRF:2
BRH:0
end_of_record
TN:
SF:src/users/dto/edit-password.dto.ts
FNF:0
FNH:0
DA:1,1
DA:3,1
DA:6,1
DA:10,1
LF:4
LH:4
BRF:0
BRH:0
end_of_record
TN:
SF:src/users/dto/edit-profile.dto.ts
FNF:0
FNH:0
DA:1,1
DA:3,1
DA:6,1
DA:9,1
LF:4
LH:4
BRF:0
BRH:0
end_of_record
