{"/home/kali/Documents/projects/historic_horizons/client/app.vue": {"path":"/home/kali/Documents/projects/historic_horizons/client/app.vue","all":true,"statementMap":{"0":{"start":{"line":1,"column":0},"end":{"line":1,"column":24}},"1":{"start":{"line":2,"column":0},"end":{"line":2,"column":58}},"2":{"start":{"line":3,"column":0},"end":{"line":3,"column":58}},"3":{"start":{"line":4,"column":0},"end":{"line":4,"column":41}},"4":{"start":{"line":5,"column":0},"end":{"line":5,"column":40}},"5":{"start":{"line":6,"column":0},"end":{"line":6,"column":53}},"6":{"start":{"line":7,"column":0},"end":{"line":7,"column":0}},"7":{"start":{"line":8,"column":0},"end":{"line":8,"column":33}},"8":{"start":{"line":9,"column":0},"end":{"line":9,"column":32}},"9":{"start":{"line":10,"column":0},"end":{"line":10,"column":41}},"10":{"start":{"line":11,"column":0},"end":{"line":11,"column":42}},"11":{"start":{"line":12,"column":0},"end":{"line":12,"column":29}},"12":{"start":{"line":13,"column":0},"end":{"line":13,"column":37}},"13":{"start":{"line":14,"column":0},"end":{"line":14,"column":0}},"14":{"start":{"line":15,"column":0},"end":{"line":15,"column":27}},"15":{"start":{"line":16,"column":0},"end":{"line":16,"column":0}},"16":{"start":{"line":17,"column":0},"end":{"line":17,"column":27}},"17":{"start":{"line":18,"column":0},"end":{"line":18,"column":45}},"18":{"start":{"line":19,"column":0},"end":{"line":19,"column":3}},"19":{"start":{"line":20,"column":0},"end":{"line":20,"column":0}},"20":{"start":{"line":21,"column":0},"end":{"line":21,"column":0}},"21":{"start":{"line":22,"column":0},"end":{"line":22,"column":17}},"22":{"start":{"line":23,"column":0},"end":{"line":23,"column":0}},"23":{"start":{"line":24,"column":0},"end":{"line":24,"column":13}},"24":{"start":{"line":25,"column":0},"end":{"line":25,"column":0}},"25":{"start":{"line":26,"column":0},"end":{"line":26,"column":27}},"26":{"start":{"line":27,"column":0},"end":{"line":27,"column":30}},"27":{"start":{"line":28,"column":0},"end":{"line":28,"column":3}},"28":{"start":{"line":29,"column":0},"end":{"line":29,"column":20}},"29":{"start":{"line":30,"column":0},"end":{"line":30,"column":27}},"30":{"start":{"line":31,"column":0},"end":{"line":31,"column":10}},"31":{"start":{"line":32,"column":0},"end":{"line":32,"column":3}},"32":{"start":{"line":33,"column":0},"end":{"line":33,"column":0}},"33":{"start":{"line":34,"column":0},"end":{"line":34,"column":21}},"34":{"start":{"line":35,"column":0},"end":{"line":35,"column":27}},"35":{"start":{"line":36,"column":0},"end":{"line":36,"column":58}},"36":{"start":{"line":37,"column":0},"end":{"line":37,"column":0}},"37":{"start":{"line":38,"column":0},"end":{"line":38,"column":8}},"38":{"start":{"line":39,"column":0},"end":{"line":39,"column":26}},"39":{"start":{"line":40,"column":0},"end":{"line":40,"column":67}},"40":{"start":{"line":41,"column":0},"end":{"line":41,"column":7}},"41":{"start":{"line":42,"column":0},"end":{"line":42,"column":38}},"42":{"start":{"line":43,"column":0},"end":{"line":43,"column":5}},"43":{"start":{"line":44,"column":0},"end":{"line":44,"column":3}},"44":{"start":{"line":45,"column":0},"end":{"line":45,"column":1}},"45":{"start":{"line":46,"column":0},"end":{"line":46,"column":0}},"46":{"start":{"line":47,"column":0},"end":{"line":47,"column":0}},"47":{"start":{"line":48,"column":0},"end":{"line":48,"column":9}},"48":{"start":{"line":49,"column":0},"end":{"line":49,"column":0}},"49":{"start":{"line":50,"column":0},"end":{"line":50,"column":10}},"50":{"start":{"line":51,"column":0},"end":{"line":51,"column":7}},"51":{"start":{"line":52,"column":0},"end":{"line":52,"column":13}},"52":{"start":{"line":53,"column":0},"end":{"line":53,"column":30}},"53":{"start":{"line":54,"column":0},"end":{"line":54,"column":7}},"54":{"start":{"line":55,"column":0},"end":{"line":55,"column":42}},"55":{"start":{"line":56,"column":0},"end":{"line":56,"column":66}},"56":{"start":{"line":57,"column":0},"end":{"line":57,"column":8}},"57":{"start":{"line":58,"column":0},"end":{"line":58,"column":6}},"58":{"start":{"line":59,"column":0},"end":{"line":59,"column":3}},"59":{"start":{"line":60,"column":0},"end":{"line":60,"column":17}},"60":{"start":{"line":61,"column":0},"end":{"line":61,"column":23}},"61":{"start":{"line":62,"column":0},"end":{"line":62,"column":18}},"62":{"start":{"line":63,"column":0},"end":{"line":63,"column":11}},"63":{"start":{"line":64,"column":0},"end":{"line":64,"column":17}},"64":{"start":{"line":65,"column":0},"end":{"line":65,"column":17}},"65":{"start":{"line":66,"column":0},"end":{"line":66,"column":17}},"66":{"start":{"line":67,"column":0},"end":{"line":67,"column":36}},"67":{"start":{"line":68,"column":0},"end":{"line":68,"column":9}},"68":{"start":{"line":69,"column":0},"end":{"line":69,"column":11}},"69":{"start":{"line":70,"column":0},"end":{"line":70,"column":27}}},"s":{"0":0,"1":0,"2":0,"3":0,"4":0,"5":0,"6":0,"7":0,"8":0,"9":0,"10":0,"11":0,"12":0,"13":0,"14":0,"15":0,"16":0,"17":0,"18":0,"19":0,"20":0,"21":0,"22":0,"23":0,"24":0,"25":0,"26":0,"27":0,"28":0,"29":0,"30":0,"31":0,"32":0,"33":0,"34":0,"35":0,"36":0,"37":0,"38":0,"39":0,"40":0,"41":0,"42":0,"43":0,"44":0,"45":0,"46":0,"47":0,"48":0,"49":0,"50":0,"51":0,"52":0,"53":0,"54":0,"55":0,"56":0,"57":0,"58":0,"59":0,"60":0,"61":0,"62":0,"63":0,"64":0,"65":0,"66":0,"67":0,"68":0,"69":0},"branchMap":{"0":{"type":"branch","line":1,"loc":{"start":{"line":1,"column":0},"end":{"line":70,"column":27}},"locations":[{"start":{"line":1,"column":0},"end":{"line":70,"column":27}}]}},"b":{"0":[0]},"fnMap":{"0":{"name":"(empty-report)","decl":{"start":{"line":1,"column":0},"end":{"line":70,"column":27}},"loc":{"start":{"line":1,"column":0},"end":{"line":70,"column":27}},"line":1}},"f":{"0":0}}
,"/home/kali/Documents/projects/historic_horizons/client/constants.ts": {"path":"/home/kali/Documents/projects/historic_horizons/client/constants.ts","all":true,"statementMap":{"0":{"start":{"line":1,"column":0},"end":{"line":1,"column":51}}},"s":{"0":0},"branchMap":{"0":{"type":"branch","line":1,"loc":{"start":{"line":1,"column":51},"end":{"line":1,"column":51}},"locations":[{"start":{"line":1,"column":51},"end":{"line":1,"column":51}}]}},"b":{"0":[0]},"fnMap":{"0":{"name":"(empty-report)","decl":{"start":{"line":1,"column":51},"end":{"line":1,"column":51}},"loc":{"start":{"line":1,"column":51},"end":{"line":1,"column":51}},"line":1}},"f":{"0":0}}
,"/home/kali/Documents/projects/historic_horizons/client/i18n.config.ts": {"path":"/home/kali/Documents/projects/historic_horizons/client/i18n.config.ts","all":true,"statementMap":{"0":{"start":{"line":1,"column":0},"end":{"line":1,"column":40}},"2":{"start":{"line":3,"column":0},"end":{"line":3,"column":18}},"3":{"start":{"line":4,"column":0},"end":{"line":4,"column":17}},"4":{"start":{"line":5,"column":0},"end":{"line":5,"column":15}},"5":{"start":{"line":6,"column":0},"end":{"line":6,"column":13}},"6":{"start":{"line":7,"column":0},"end":{"line":7,"column":27}},"7":{"start":{"line":8,"column":0},"end":{"line":8,"column":29}},"8":{"start":{"line":9,"column":0},"end":{"line":9,"column":24}},"9":{"start":{"line":10,"column":0},"end":{"line":10,"column":10}},"10":{"start":{"line":11,"column":0},"end":{"line":11,"column":13}},"11":{"start":{"line":12,"column":0},"end":{"line":12,"column":27}},"12":{"start":{"line":13,"column":0},"end":{"line":13,"column":28}},"13":{"start":{"line":14,"column":0},"end":{"line":14,"column":32}},"14":{"start":{"line":15,"column":0},"end":{"line":15,"column":9}},"15":{"start":{"line":16,"column":0},"end":{"line":16,"column":5}},"17":{"start":{"line":18,"column":0},"end":{"line":18,"column":4}}},"s":{"0":0,"2":0,"3":0,"4":0,"5":0,"6":0,"7":0,"8":0,"9":0,"10":0,"11":0,"12":0,"13":0,"14":0,"15":0,"17":0},"branchMap":{"0":{"type":"branch","line":1,"loc":{"start":{"line":1,"column":328},"end":{"line":18,"column":4}},"locations":[{"start":{"line":1,"column":328},"end":{"line":18,"column":4}}]}},"b":{"0":[0]},"fnMap":{"0":{"name":"(empty-report)","decl":{"start":{"line":1,"column":328},"end":{"line":18,"column":4}},"loc":{"start":{"line":1,"column":328},"end":{"line":18,"column":4}},"line":1}},"f":{"0":0}}
,"/home/kali/Documents/projects/historic_horizons/client/nuxt.config.ts": {"path":"/home/kali/Documents/projects/historic_horizons/client/nuxt.config.ts","all":true,"statementMap":{"1":{"start":{"line":2,"column":0},"end":{"line":2,"column":33}},"2":{"start":{"line":3,"column":0},"end":{"line":3,"column":18}},"4":{"start":{"line":5,"column":0},"end":{"line":5,"column":13}},"5":{"start":{"line":6,"column":0},"end":{"line":6,"column":42}},"6":{"start":{"line":7,"column":0},"end":{"line":7,"column":5}},"7":{"start":{"line":8,"column":0},"end":{"line":8,"column":4}},"8":{"start":{"line":9,"column":0},"end":{"line":9,"column":43}},"9":{"start":{"line":10,"column":0},"end":{"line":10,"column":9}},"10":{"start":{"line":11,"column":0},"end":{"line":11,"column":31}},"11":{"start":{"line":12,"column":0},"end":{"line":12,"column":4}},"12":{"start":{"line":13,"column":0},"end":{"line":13,"column":34}},"13":{"start":{"line":14,"column":0},"end":{"line":14,"column":30}},"14":{"start":{"line":15,"column":0},"end":{"line":15,"column":35}},"15":{"start":{"line":16,"column":0},"end":{"line":16,"column":12}},"16":{"start":{"line":17,"column":0},"end":{"line":17,"column":14}},"17":{"start":{"line":18,"column":0},"end":{"line":18,"column":22}},"18":{"start":{"line":19,"column":0},"end":{"line":19,"column":23}},"19":{"start":{"line":20,"column":0},"end":{"line":20,"column":6}},"20":{"start":{"line":21,"column":0},"end":{"line":21,"column":4}},"21":{"start":{"line":22,"column":0},"end":{"line":22,"column":8}},"22":{"start":{"line":23,"column":0},"end":{"line":23,"column":11}},"23":{"start":{"line":24,"column":0},"end":{"line":24,"column":32}},"24":{"start":{"line":25,"column":0},"end":{"line":25,"column":17}},"25":{"start":{"line":26,"column":0},"end":{"line":26,"column":13}},"26":{"start":{"line":27,"column":0},"end":{"line":27,"column":77}},"27":{"start":{"line":28,"column":0},"end":{"line":28,"column":8}},"28":{"start":{"line":29,"column":0},"end":{"line":29,"column":18}},"29":{"start":{"line":30,"column":0},"end":{"line":30,"column":19}},"30":{"start":{"line":31,"column":0},"end":{"line":31,"column":8}},"31":{"start":{"line":32,"column":0},"end":{"line":32,"column":23}},"32":{"start":{"line":33,"column":0},"end":{"line":33,"column":54}},"33":{"start":{"line":34,"column":0},"end":{"line":34,"column":6}},"35":{"start":{"line":36,"column":0},"end":{"line":36,"column":4}},"36":{"start":{"line":37,"column":0},"end":{"line":37,"column":10}},"37":{"start":{"line":38,"column":0},"end":{"line":38,"column":3}}},"s":{"1":0,"2":0,"4":0,"5":0,"6":0,"7":0,"8":0,"9":0,"10":0,"11":0,"12":0,"13":0,"14":0,"15":0,"16":0,"17":0,"18":0,"19":0,"20":0,"21":0,"22":0,"23":0,"24":0,"25":0,"26":0,"27":0,"28":0,"29":0,"30":0,"31":0,"32":0,"33":0,"35":0,"36":0,"37":0},"branchMap":{"0":{"type":"branch","line":1,"loc":{"start":{"line":1,"column":788},"end":{"line":38,"column":3}},"locations":[{"start":{"line":1,"column":788},"end":{"line":38,"column":3}}]}},"b":{"0":[1]},"fnMap":{"0":{"name":"(empty-report)","decl":{"start":{"line":1,"column":788},"end":{"line":38,"column":3}},"loc":{"start":{"line":1,"column":788},"end":{"line":38,"column":3}},"line":1}},"f":{"0":1}}
,"/home/kali/Documents/projects/historic_horizons/client/tailwind.config.js": {"path":"/home/kali/Documents/projects/historic_horizons/client/tailwind.config.js","all":true,"statementMap":{"0":{"start":{"line":1,"column":0},"end":{"line":1,"column":43}},"1":{"start":{"line":2,"column":0},"end":{"line":2,"column":16}},"2":{"start":{"line":3,"column":0},"end":{"line":3,"column":12}},"3":{"start":{"line":4,"column":0},"end":{"line":4,"column":36}},"4":{"start":{"line":5,"column":0},"end":{"line":5,"column":25}},"5":{"start":{"line":6,"column":0},"end":{"line":6,"column":23}},"6":{"start":{"line":7,"column":0},"end":{"line":7,"column":29}},"7":{"start":{"line":8,"column":0},"end":{"line":8,"column":16}},"8":{"start":{"line":9,"column":0},"end":{"line":9,"column":18}},"9":{"start":{"line":10,"column":0},"end":{"line":10,"column":4}},"10":{"start":{"line":11,"column":0},"end":{"line":11,"column":10}},"11":{"start":{"line":12,"column":0},"end":{"line":12,"column":13}},"12":{"start":{"line":13,"column":0},"end":{"line":13,"column":19}},"13":{"start":{"line":14,"column":0},"end":{"line":14,"column":39}},"14":{"start":{"line":15,"column":0},"end":{"line":15,"column":27}},"15":{"start":{"line":16,"column":0},"end":{"line":16,"column":23}},"16":{"start":{"line":17,"column":0},"end":{"line":17,"column":27}},"17":{"start":{"line":18,"column":0},"end":{"line":18,"column":8}},"18":{"start":{"line":19,"column":0},"end":{"line":19,"column":6}},"19":{"start":{"line":20,"column":0},"end":{"line":20,"column":4}},"20":{"start":{"line":21,"column":0},"end":{"line":21,"column":14}},"21":{"start":{"line":22,"column":0},"end":{"line":22,"column":2}}},"s":{"0":0,"1":0,"2":0,"3":0,"4":0,"5":0,"6":0,"7":0,"8":0,"9":0,"10":0,"11":0,"12":0,"13":0,"14":0,"15":0,"16":0,"17":0,"18":0,"19":0,"20":0,"21":0},"branchMap":{"0":{"type":"branch","line":1,"loc":{"start":{"line":1,"column":0},"end":{"line":22,"column":-13}},"locations":[{"start":{"line":1,"column":0},"end":{"line":22,"column":-13}}]}},"b":{"0":[0]},"fnMap":{"0":{"name":"(empty-report)","decl":{"start":{"line":1,"column":0},"end":{"line":22,"column":-13}},"loc":{"start":{"line":1,"column":0},"end":{"line":22,"column":-13}},"line":1}},"f":{"0":0}}
,"/home/kali/Documents/projects/historic_horizons/client/components/FooterVue.vue": {"path":"/home/kali/Documents/projects/historic_horizons/client/components/FooterVue.vue","all":true,"statementMap":{"0":{"start":{"line":1,"column":0},"end":{"line":1,"column":24}},"1":{"start":{"line":2,"column":0},"end":{"line":2,"column":32}},"2":{"start":{"line":3,"column":0},"end":{"line":3,"column":9}},"3":{"start":{"line":4,"column":0},"end":{"line":4,"column":0}},"4":{"start":{"line":5,"column":0},"end":{"line":5,"column":10}},"5":{"start":{"line":6,"column":0},"end":{"line":6,"column":9}},"6":{"start":{"line":7,"column":0},"end":{"line":7,"column":13}},"7":{"start":{"line":8,"column":0},"end":{"line":8,"column":48}},"8":{"start":{"line":9,"column":0},"end":{"line":9,"column":47}},"9":{"start":{"line":10,"column":0},"end":{"line":10,"column":6}},"10":{"start":{"line":11,"column":0},"end":{"line":11,"column":3}},"11":{"start":{"line":12,"column":0},"end":{"line":12,"column":31}},"12":{"start":{"line":13,"column":0},"end":{"line":13,"column":31}},"13":{"start":{"line":14,"column":0},"end":{"line":14,"column":66}},"14":{"start":{"line":15,"column":0},"end":{"line":15,"column":73}},"15":{"start":{"line":16,"column":0},"end":{"line":16,"column":53}},"16":{"start":{"line":17,"column":0},"end":{"line":17,"column":27}},"17":{"start":{"line":18,"column":0},"end":{"line":18,"column":19}},"18":{"start":{"line":19,"column":0},"end":{"line":19,"column":53}},"19":{"start":{"line":20,"column":0},"end":{"line":20,"column":27}},"20":{"start":{"line":21,"column":0},"end":{"line":21,"column":19}},"21":{"start":{"line":22,"column":0},"end":{"line":22,"column":70}},"22":{"start":{"line":23,"column":0},"end":{"line":23,"column":69}},"23":{"start":{"line":24,"column":0},"end":{"line":24,"column":12}},"24":{"start":{"line":25,"column":0},"end":{"line":25,"column":10}},"25":{"start":{"line":26,"column":0},"end":{"line":26,"column":17}},"26":{"start":{"line":27,"column":0},"end":{"line":27,"column":27}},"27":{"start":{"line":28,"column":0},"end":{"line":28,"column":59}},"28":{"start":{"line":29,"column":0},"end":{"line":29,"column":10}},"29":{"start":{"line":30,"column":0},"end":{"line":30,"column":7}},"30":{"start":{"line":31,"column":0},"end":{"line":31,"column":32}},"31":{"start":{"line":32,"column":0},"end":{"line":32,"column":64}},"32":{"start":{"line":33,"column":0},"end":{"line":33,"column":12}},"33":{"start":{"line":34,"column":0},"end":{"line":34,"column":12}},"34":{"start":{"line":35,"column":0},"end":{"line":35,"column":10}},"35":{"start":{"line":36,"column":0},"end":{"line":36,"column":11}},"36":{"start":{"line":37,"column":0},"end":{"line":37,"column":11}},"37":{"start":{"line":38,"column":0},"end":{"line":38,"column":0}},"38":{"start":{"line":39,"column":0},"end":{"line":39,"column":19}},"39":{"start":{"line":40,"column":0},"end":{"line":40,"column":7}},"40":{"start":{"line":41,"column":0},"end":{"line":41,"column":26}},"41":{"start":{"line":42,"column":0},"end":{"line":42,"column":30}},"42":{"start":{"line":43,"column":0},"end":{"line":43,"column":23}},"43":{"start":{"line":44,"column":0},"end":{"line":44,"column":19}},"44":{"start":{"line":45,"column":0},"end":{"line":45,"column":15}},"45":{"start":{"line":46,"column":0},"end":{"line":46,"column":40}},"46":{"start":{"line":47,"column":0},"end":{"line":47,"column":23}},"47":{"start":{"line":48,"column":0},"end":{"line":48,"column":16}},"48":{"start":{"line":49,"column":0},"end":{"line":49,"column":33}},"49":{"start":{"line":50,"column":0},"end":{"line":50,"column":30}},"50":{"start":{"line":51,"column":0},"end":{"line":51,"column":22}},"51":{"start":{"line":52,"column":0},"end":{"line":52,"column":10}},"52":{"start":{"line":53,"column":0},"end":{"line":53,"column":26}},"53":{"start":{"line":54,"column":0},"end":{"line":54,"column":26}},"54":{"start":{"line":55,"column":0},"end":{"line":55,"column":22}},"55":{"start":{"line":56,"column":0},"end":{"line":56,"column":21}},"56":{"start":{"line":57,"column":0},"end":{"line":57,"column":45}},"57":{"start":{"line":58,"column":0},"end":{"line":58,"column":22}},"58":{"start":{"line":59,"column":0},"end":{"line":59,"column":11}},"59":{"start":{"line":60,"column":0},"end":{"line":60,"column":31}},"60":{"start":{"line":61,"column":0},"end":{"line":61,"column":15}},"61":{"start":{"line":62,"column":0},"end":{"line":62,"column":23}},"62":{"start":{"line":63,"column":0},"end":{"line":63,"column":38}},"63":{"start":{"line":64,"column":0},"end":{"line":64,"column":13}},"64":{"start":{"line":65,"column":0},"end":{"line":65,"column":26}},"65":{"start":{"line":66,"column":0},"end":{"line":66,"column":34}},"66":{"start":{"line":67,"column":0},"end":{"line":67,"column":20}},"67":{"start":{"line":68,"column":0},"end":{"line":68,"column":34}},"68":{"start":{"line":69,"column":0},"end":{"line":69,"column":11}},"69":{"start":{"line":70,"column":0},"end":{"line":70,"column":26}},"70":{"start":{"line":71,"column":0},"end":{"line":71,"column":8}}},"s":{"0":0,"1":0,"2":0,"3":0,"4":0,"5":0,"6":0,"7":0,"8":0,"9":0,"10":0,"11":0,"12":0,"13":0,"14":0,"15":0,"16":0,"17":0,"18":0,"19":0,"20":0,"21":0,"22":0,"23":0,"24":0,"25":0,"26":0,"27":0,"28":0,"29":0,"30":0,"31":0,"32":0,"33":0,"34":0,"35":0,"36":0,"37":0,"38":0,"39":0,"40":0,"41":0,"42":0,"43":0,"44":0,"45":0,"46":0,"47":0,"48":0,"49":0,"50":0,"51":0,"52":0,"53":0,"54":0,"55":0,"56":0,"57":0,"58":0,"59":0,"60":0,"61":0,"62":0,"63":0,"64":0,"65":0,"66":0,"67":0,"68":0,"69":0,"70":0},"branchMap":{"0":{"type":"branch","line":1,"loc":{"start":{"line":1,"column":0},"end":{"line":71,"column":8}},"locations":[{"start":{"line":1,"column":0},"end":{"line":71,"column":8}}]}},"b":{"0":[0]},"fnMap":{"0":{"name":"(empty-report)","decl":{"start":{"line":1,"column":0},"end":{"line":71,"column":8}},"loc":{"start":{"line":1,"column":0},"end":{"line":71,"column":8}},"line":1}},"f":{"0":0}}
,"/home/kali/Documents/projects/historic_horizons/client/components/HeroVue.vue": {"path":"/home/kali/Documents/projects/historic_horizons/client/components/HeroVue.vue","all":true,"statementMap":{"0":{"start":{"line":1,"column":0},"end":{"line":1,"column":24}},"1":{"start":{"line":2,"column":0},"end":{"line":2,"column":44}},"2":{"start":{"line":3,"column":0},"end":{"line":3,"column":0}},"3":{"start":{"line":4,"column":0},"end":{"line":4,"column":41}},"4":{"start":{"line":5,"column":0},"end":{"line":5,"column":32}},"5":{"start":{"line":6,"column":0},"end":{"line":6,"column":40}},"6":{"start":{"line":7,"column":0},"end":{"line":7,"column":13}},"7":{"start":{"line":8,"column":0},"end":{"line":8,"column":16}},"8":{"start":{"line":9,"column":0},"end":{"line":9,"column":17}},"9":{"start":{"line":10,"column":0},"end":{"line":10,"column":15}},"10":{"start":{"line":11,"column":0},"end":{"line":11,"column":46}},"11":{"start":{"line":12,"column":0},"end":{"line":12,"column":9}},"12":{"start":{"line":13,"column":0},"end":{"line":13,"column":0}},"13":{"start":{"line":14,"column":0},"end":{"line":14,"column":10}},"14":{"start":{"line":15,"column":0},"end":{"line":15,"column":65}},"15":{"start":{"line":16,"column":0},"end":{"line":16,"column":43}},"16":{"start":{"line":17,"column":0},"end":{"line":17,"column":75}},"17":{"start":{"line":18,"column":0},"end":{"line":18,"column":12}},"18":{"start":{"line":19,"column":0},"end":{"line":19,"column":62}},"19":{"start":{"line":20,"column":0},"end":{"line":20,"column":28}},"20":{"start":{"line":21,"column":0},"end":{"line":21,"column":30}},"21":{"start":{"line":22,"column":0},"end":{"line":22,"column":10}},"22":{"start":{"line":23,"column":0},"end":{"line":23,"column":69}},"23":{"start":{"line":24,"column":0},"end":{"line":24,"column":17}},"24":{"start":{"line":25,"column":0},"end":{"line":25,"column":10}},"25":{"start":{"line":26,"column":0},"end":{"line":26,"column":8}},"26":{"start":{"line":27,"column":0},"end":{"line":27,"column":11}},"27":{"start":{"line":28,"column":0},"end":{"line":28,"column":0}},"28":{"start":{"line":29,"column":0},"end":{"line":29,"column":19}},"29":{"start":{"line":30,"column":0},"end":{"line":30,"column":5}},"30":{"start":{"line":31,"column":0},"end":{"line":31,"column":15}},"31":{"start":{"line":32,"column":0},"end":{"line":32,"column":12}},"32":{"start":{"line":33,"column":0},"end":{"line":33,"column":26}},"33":{"start":{"line":34,"column":0},"end":{"line":34,"column":12}},"34":{"start":{"line":35,"column":0},"end":{"line":35,"column":26}},"35":{"start":{"line":36,"column":0},"end":{"line":36,"column":17}},"36":{"start":{"line":37,"column":0},"end":{"line":37,"column":15}},"37":{"start":{"line":38,"column":0},"end":{"line":38,"column":19}},"38":{"start":{"line":39,"column":0},"end":{"line":39,"column":21}},"39":{"start":{"line":40,"column":0},"end":{"line":40,"column":29}},"40":{"start":{"line":41,"column":0},"end":{"line":41,"column":23}},"41":{"start":{"line":42,"column":0},"end":{"line":42,"column":45}},"42":{"start":{"line":43,"column":0},"end":{"line":43,"column":44}},"43":{"start":{"line":44,"column":0},"end":{"line":44,"column":27}},"44":{"start":{"line":45,"column":0},"end":{"line":45,"column":19}},"45":{"start":{"line":46,"column":0},"end":{"line":46,"column":42}},"46":{"start":{"line":47,"column":0},"end":{"line":47,"column":45}},"47":{"start":{"line":48,"column":0},"end":{"line":48,"column":27}},"48":{"start":{"line":49,"column":0},"end":{"line":49,"column":13}},"49":{"start":{"line":50,"column":0},"end":{"line":50,"column":19}},"50":{"start":{"line":51,"column":0},"end":{"line":51,"column":25}},"51":{"start":{"line":52,"column":0},"end":{"line":52,"column":8}}},"s":{"0":0,"1":0,"2":0,"3":0,"4":0,"5":0,"6":0,"7":0,"8":0,"9":0,"10":0,"11":0,"12":0,"13":0,"14":0,"15":0,"16":0,"17":0,"18":0,"19":0,"20":0,"21":0,"22":0,"23":0,"24":0,"25":0,"26":0,"27":0,"28":0,"29":0,"30":0,"31":0,"32":0,"33":0,"34":0,"35":0,"36":0,"37":0,"38":0,"39":0,"40":0,"41":0,"42":0,"43":0,"44":0,"45":0,"46":0,"47":0,"48":0,"49":0,"50":0,"51":0},"branchMap":{"0":{"type":"branch","line":1,"loc":{"start":{"line":1,"column":0},"end":{"line":52,"column":8}},"locations":[{"start":{"line":1,"column":0},"end":{"line":52,"column":8}}]}},"b":{"0":[0]},"fnMap":{"0":{"name":"(empty-report)","decl":{"start":{"line":1,"column":0},"end":{"line":52,"column":8}},"loc":{"start":{"line":1,"column":0},"end":{"line":52,"column":8}},"line":1}},"f":{"0":0}}
,"/home/kali/Documents/projects/historic_horizons/client/components/LoadingVue.vue": {"path":"/home/kali/Documents/projects/historic_horizons/client/components/LoadingVue.vue","all":true,"statementMap":{"0":{"start":{"line":1,"column":0},"end":{"line":1,"column":33}},"1":{"start":{"line":2,"column":0},"end":{"line":2,"column":0}},"2":{"start":{"line":3,"column":0},"end":{"line":3,"column":10}},"3":{"start":{"line":4,"column":0},"end":{"line":4,"column":23}},"4":{"start":{"line":5,"column":0},"end":{"line":5,"column":32}},"5":{"start":{"line":6,"column":0},"end":{"line":6,"column":42}},"6":{"start":{"line":7,"column":0},"end":{"line":7,"column":10}},"7":{"start":{"line":8,"column":0},"end":{"line":8,"column":8}},"8":{"start":{"line":9,"column":0},"end":{"line":9,"column":11}},"9":{"start":{"line":10,"column":0},"end":{"line":10,"column":0}},"10":{"start":{"line":11,"column":0},"end":{"line":11,"column":19}},"11":{"start":{"line":12,"column":0},"end":{"line":12,"column":8}},"12":{"start":{"line":13,"column":0},"end":{"line":13,"column":19}},"13":{"start":{"line":14,"column":0},"end":{"line":14,"column":11}},"14":{"start":{"line":15,"column":0},"end":{"line":15,"column":10}},"15":{"start":{"line":16,"column":0},"end":{"line":16,"column":15}},"16":{"start":{"line":17,"column":0},"end":{"line":17,"column":16}},"17":{"start":{"line":18,"column":0},"end":{"line":18,"column":14}},"18":{"start":{"line":19,"column":0},"end":{"line":19,"column":17}},"19":{"start":{"line":20,"column":0},"end":{"line":20,"column":23}},"20":{"start":{"line":21,"column":0},"end":{"line":21,"column":46}},"21":{"start":{"line":22,"column":0},"end":{"line":22,"column":12}},"22":{"start":{"line":23,"column":0},"end":{"line":23,"column":21}},"23":{"start":{"line":24,"column":0},"end":{"line":24,"column":27}},"24":{"start":{"line":25,"column":0},"end":{"line":25,"column":14}},"25":{"start":{"line":26,"column":0},"end":{"line":26,"column":19}},"26":{"start":{"line":27,"column":0},"end":{"line":27,"column":20}},"27":{"start":{"line":28,"column":0},"end":{"line":28,"column":30}},"28":{"start":{"line":29,"column":0},"end":{"line":29,"column":26}},"29":{"start":{"line":30,"column":0},"end":{"line":30,"column":30}},"30":{"start":{"line":31,"column":0},"end":{"line":31,"column":43}},"31":{"start":{"line":32,"column":0},"end":{"line":32,"column":0}},"32":{"start":{"line":33,"column":0},"end":{"line":33,"column":15}},"33":{"start":{"line":34,"column":0},"end":{"line":34,"column":6}},"34":{"start":{"line":35,"column":0},"end":{"line":35,"column":28}},"35":{"start":{"line":36,"column":0},"end":{"line":36,"column":8}},"36":{"start":{"line":37,"column":0},"end":{"line":37,"column":33}},"37":{"start":{"line":38,"column":0},"end":{"line":38,"column":8}}},"s":{"0":0,"1":0,"2":0,"3":0,"4":0,"5":0,"6":0,"7":0,"8":0,"9":0,"10":0,"11":0,"12":0,"13":0,"14":0,"15":0,"16":0,"17":0,"18":0,"19":0,"20":0,"21":0,"22":0,"23":0,"24":0,"25":0,"26":0,"27":0,"28":0,"29":0,"30":0,"31":0,"32":0,"33":0,"34":0,"35":0,"36":0,"37":0},"branchMap":{"0":{"type":"branch","line":1,"loc":{"start":{"line":1,"column":0},"end":{"line":38,"column":8}},"locations":[{"start":{"line":1,"column":0},"end":{"line":38,"column":8}}]}},"b":{"0":[0]},"fnMap":{"0":{"name":"(empty-report)","decl":{"start":{"line":1,"column":0},"end":{"line":38,"column":8}},"loc":{"start":{"line":1,"column":0},"end":{"line":38,"column":8}},"line":1}},"f":{"0":0}}
,"/home/kali/Documents/projects/historic_horizons/client/components/LocalLoadingVue.vue": {"path":"/home/kali/Documents/projects/historic_horizons/client/components/LocalLoadingVue.vue","all":true,"statementMap":{"0":{"start":{"line":1,"column":0},"end":{"line":1,"column":31}},"1":{"start":{"line":2,"column":0},"end":{"line":2,"column":33}},"2":{"start":{"line":3,"column":0},"end":{"line":3,"column":0}},"3":{"start":{"line":4,"column":0},"end":{"line":4,"column":10}},"4":{"start":{"line":5,"column":0},"end":{"line":5,"column":28}},"5":{"start":{"line":6,"column":0},"end":{"line":6,"column":37}},"6":{"start":{"line":7,"column":0},"end":{"line":7,"column":47}},"7":{"start":{"line":8,"column":0},"end":{"line":8,"column":10}},"8":{"start":{"line":9,"column":0},"end":{"line":9,"column":8}},"9":{"start":{"line":10,"column":0},"end":{"line":10,"column":11}},"10":{"start":{"line":11,"column":0},"end":{"line":11,"column":0}},"11":{"start":{"line":12,"column":0},"end":{"line":12,"column":19}},"12":{"start":{"line":13,"column":0},"end":{"line":13,"column":13}},"13":{"start":{"line":14,"column":0},"end":{"line":14,"column":17}},"14":{"start":{"line":15,"column":0},"end":{"line":15,"column":23}},"15":{"start":{"line":16,"column":0},"end":{"line":16,"column":15}},"16":{"start":{"line":17,"column":0},"end":{"line":17,"column":21}},"17":{"start":{"line":18,"column":0},"end":{"line":18,"column":26}},"18":{"start":{"line":19,"column":0},"end":{"line":19,"column":12}},"19":{"start":{"line":20,"column":0},"end":{"line":20,"column":21}},"20":{"start":{"line":21,"column":0},"end":{"line":21,"column":27}},"21":{"start":{"line":22,"column":0},"end":{"line":22,"column":14}},"22":{"start":{"line":23,"column":0},"end":{"line":23,"column":19}},"23":{"start":{"line":24,"column":0},"end":{"line":24,"column":20}},"24":{"start":{"line":25,"column":0},"end":{"line":25,"column":30}},"25":{"start":{"line":26,"column":0},"end":{"line":26,"column":26}},"26":{"start":{"line":27,"column":0},"end":{"line":27,"column":30}},"27":{"start":{"line":28,"column":0},"end":{"line":28,"column":43}},"28":{"start":{"line":29,"column":0},"end":{"line":29,"column":0}},"29":{"start":{"line":30,"column":0},"end":{"line":30,"column":15}},"30":{"start":{"line":31,"column":0},"end":{"line":31,"column":6}},"31":{"start":{"line":32,"column":0},"end":{"line":32,"column":28}},"32":{"start":{"line":33,"column":0},"end":{"line":33,"column":8}},"33":{"start":{"line":34,"column":0},"end":{"line":34,"column":33}},"34":{"start":{"line":35,"column":0},"end":{"line":35,"column":8}}},"s":{"0":0,"1":0,"2":0,"3":0,"4":0,"5":0,"6":0,"7":0,"8":0,"9":0,"10":0,"11":0,"12":0,"13":0,"14":0,"15":0,"16":0,"17":0,"18":0,"19":0,"20":0,"21":0,"22":0,"23":0,"24":0,"25":0,"26":0,"27":0,"28":0,"29":0,"30":0,"31":0,"32":0,"33":0,"34":0},"branchMap":{"0":{"type":"branch","line":1,"loc":{"start":{"line":1,"column":0},"end":{"line":35,"column":8}},"locations":[{"start":{"line":1,"column":0},"end":{"line":35,"column":8}}]}},"b":{"0":[0]},"fnMap":{"0":{"name":"(empty-report)","decl":{"start":{"line":1,"column":0},"end":{"line":35,"column":8}},"loc":{"start":{"line":1,"column":0},"end":{"line":35,"column":8}},"line":1}},"f":{"0":0}}
,"/home/kali/Documents/projects/historic_horizons/client/components/MessageVue.vue": {"path":"/home/kali/Documents/projects/historic_horizons/client/components/MessageVue.vue","all":true,"statementMap":{"0":{"start":{"line":1,"column":0},"end":{"line":1,"column":24}},"1":{"start":{"line":2,"column":0},"end":{"line":2,"column":0}},"2":{"start":{"line":3,"column":0},"end":{"line":3,"column":46}},"3":{"start":{"line":4,"column":0},"end":{"line":4,"column":0}},"4":{"start":{"line":5,"column":0},"end":{"line":5,"column":9}},"5":{"start":{"line":6,"column":0},"end":{"line":6,"column":0}},"6":{"start":{"line":7,"column":0},"end":{"line":7,"column":10}},"7":{"start":{"line":8,"column":0},"end":{"line":8,"column":31}},"8":{"start":{"line":9,"column":0},"end":{"line":9,"column":79}},"9":{"start":{"line":10,"column":0},"end":{"line":10,"column":59}},"10":{"start":{"line":11,"column":0},"end":{"line":11,"column":14}},"11":{"start":{"line":12,"column":0},"end":{"line":12,"column":17}},"12":{"start":{"line":13,"column":0},"end":{"line":13,"column":4}},"13":{"start":{"line":14,"column":0},"end":{"line":14,"column":11}}},"s":{"0":0,"1":0,"2":0,"3":0,"4":0,"5":0,"6":0,"7":0,"8":0,"9":0,"10":0,"11":0,"12":0,"13":0},"branchMap":{"0":{"type":"branch","line":1,"loc":{"start":{"line":1,"column":0},"end":{"line":14,"column":11}},"locations":[{"start":{"line":1,"column":0},"end":{"line":14,"column":11}}]}},"b":{"0":[0]},"fnMap":{"0":{"name":"(empty-report)","decl":{"start":{"line":1,"column":0},"end":{"line":14,"column":11}},"loc":{"start":{"line":1,"column":0},"end":{"line":14,"column":11}},"line":1}},"f":{"0":0}}
,"/home/kali/Documents/projects/historic_horizons/client/components/OverlayCloseButtonVue.vue": {"path":"/home/kali/Documents/projects/historic_horizons/client/components/OverlayCloseButtonVue.vue","all":true,"statementMap":{"0":{"start":{"line":1,"column":0},"end":{"line":1,"column":24}},"1":{"start":{"line":2,"column":0},"end":{"line":2,"column":32}},"2":{"start":{"line":3,"column":0},"end":{"line":3,"column":9}},"3":{"start":{"line":4,"column":0},"end":{"line":4,"column":0}},"4":{"start":{"line":5,"column":0},"end":{"line":5,"column":10}},"5":{"start":{"line":6,"column":0},"end":{"line":6,"column":9}},"6":{"start":{"line":7,"column":0},"end":{"line":7,"column":13}},"7":{"start":{"line":8,"column":0},"end":{"line":8,"column":29}},"8":{"start":{"line":9,"column":0},"end":{"line":9,"column":61}},"9":{"start":{"line":10,"column":0},"end":{"line":10,"column":6}},"10":{"start":{"line":11,"column":0},"end":{"line":11,"column":3}},"11":{"start":{"line":12,"column":0},"end":{"line":12,"column":113}},"12":{"start":{"line":13,"column":0},"end":{"line":13,"column":15}},"13":{"start":{"line":14,"column":0},"end":{"line":14,"column":89}},"14":{"start":{"line":15,"column":0},"end":{"line":15,"column":9}},"15":{"start":{"line":16,"column":0},"end":{"line":16,"column":28}},"16":{"start":{"line":17,"column":0},"end":{"line":17,"column":14}},"17":{"start":{"line":18,"column":0},"end":{"line":18,"column":15}},"18":{"start":{"line":19,"column":0},"end":{"line":19,"column":72}},"19":{"start":{"line":20,"column":0},"end":{"line":20,"column":38}},"20":{"start":{"line":21,"column":0},"end":{"line":21,"column":8}},"21":{"start":{"line":22,"column":0},"end":{"line":22,"column":12}},"22":{"start":{"line":23,"column":0},"end":{"line":23,"column":11}},"23":{"start":{"line":24,"column":0},"end":{"line":24,"column":11}}},"s":{"0":0,"1":0,"2":0,"3":0,"4":0,"5":0,"6":0,"7":0,"8":0,"9":0,"10":0,"11":0,"12":0,"13":0,"14":0,"15":0,"16":0,"17":0,"18":0,"19":0,"20":0,"21":0,"22":0,"23":0},"branchMap":{"0":{"type":"branch","line":1,"loc":{"start":{"line":1,"column":0},"end":{"line":24,"column":11}},"locations":[{"start":{"line":1,"column":0},"end":{"line":24,"column":11}}]}},"b":{"0":[0]},"fnMap":{"0":{"name":"(empty-report)","decl":{"start":{"line":1,"column":0},"end":{"line":24,"column":11}},"loc":{"start":{"line":1,"column":0},"end":{"line":24,"column":11}},"line":1}},"f":{"0":0}}
,"/home/kali/Documents/projects/historic_horizons/client/components/RecentVue.vue": {"path":"/home/kali/Documents/projects/historic_horizons/client/components/RecentVue.vue","all":true,"statementMap":{"0":{"start":{"line":1,"column":0},"end":{"line":1,"column":24}},"1":{"start":{"line":2,"column":0},"end":{"line":2,"column":43}},"2":{"start":{"line":3,"column":0},"end":{"line":3,"column":59}},"3":{"start":{"line":4,"column":0},"end":{"line":4,"column":32}},"4":{"start":{"line":5,"column":0},"end":{"line":5,"column":0}},"5":{"start":{"line":6,"column":0},"end":{"line":6,"column":15}},"6":{"start":{"line":7,"column":0},"end":{"line":7,"column":13}},"7":{"start":{"line":8,"column":0},"end":{"line":8,"column":0}},"8":{"start":{"line":9,"column":0},"end":{"line":9,"column":48}},"9":{"start":{"line":10,"column":0},"end":{"line":10,"column":0}},"10":{"start":{"line":11,"column":0},"end":{"line":11,"column":30}},"11":{"start":{"line":12,"column":0},"end":{"line":12,"column":39}},"12":{"start":{"line":13,"column":0},"end":{"line":13,"column":1}},"13":{"start":{"line":14,"column":0},"end":{"line":14,"column":0}},"14":{"start":{"line":15,"column":0},"end":{"line":15,"column":25}},"15":{"start":{"line":16,"column":0},"end":{"line":16,"column":39}},"16":{"start":{"line":17,"column":0},"end":{"line":17,"column":28}},"17":{"start":{"line":18,"column":0},"end":{"line":18,"column":26}},"18":{"start":{"line":19,"column":0},"end":{"line":19,"column":24}},"19":{"start":{"line":20,"column":0},"end":{"line":20,"column":10}},"20":{"start":{"line":21,"column":0},"end":{"line":21,"column":3}},"21":{"start":{"line":22,"column":0},"end":{"line":22,"column":9}},"22":{"start":{"line":23,"column":0},"end":{"line":23,"column":0}},"23":{"start":{"line":24,"column":0},"end":{"line":24,"column":10}},"24":{"start":{"line":25,"column":0},"end":{"line":25,"column":6}},"25":{"start":{"line":26,"column":0},"end":{"line":26,"column":13}},"26":{"start":{"line":27,"column":0},"end":{"line":27,"column":48}},"27":{"start":{"line":28,"column":0},"end":{"line":28,"column":47}},"28":{"start":{"line":29,"column":0},"end":{"line":29,"column":6}},"29":{"start":{"line":30,"column":0},"end":{"line":30,"column":19}},"30":{"start":{"line":31,"column":0},"end":{"line":31,"column":3}},"31":{"start":{"line":32,"column":0},"end":{"line":32,"column":59}},"32":{"start":{"line":33,"column":0},"end":{"line":33,"column":30}},"33":{"start":{"line":34,"column":0},"end":{"line":34,"column":21}},"34":{"start":{"line":35,"column":0},"end":{"line":35,"column":35}},"35":{"start":{"line":36,"column":0},"end":{"line":36,"column":25}},"36":{"start":{"line":37,"column":0},"end":{"line":37,"column":26}},"37":{"start":{"line":38,"column":0},"end":{"line":38,"column":8}},"38":{"start":{"line":39,"column":0},"end":{"line":39,"column":10}},"39":{"start":{"line":40,"column":0},"end":{"line":40,"column":74}},"40":{"start":{"line":41,"column":0},"end":{"line":41,"column":8}},"41":{"start":{"line":42,"column":0},"end":{"line":42,"column":11}},"42":{"start":{"line":43,"column":0},"end":{"line":43,"column":0}},"43":{"start":{"line":44,"column":0},"end":{"line":44,"column":19}},"44":{"start":{"line":45,"column":0},"end":{"line":45,"column":7}},"45":{"start":{"line":46,"column":0},"end":{"line":46,"column":23}},"46":{"start":{"line":47,"column":0},"end":{"line":47,"column":22}},"47":{"start":{"line":48,"column":0},"end":{"line":48,"column":30}},"48":{"start":{"line":49,"column":0},"end":{"line":49,"column":0}},"49":{"start":{"line":50,"column":0},"end":{"line":50,"column":16}},"50":{"start":{"line":51,"column":0},"end":{"line":51,"column":30}},"51":{"start":{"line":52,"column":0},"end":{"line":52,"column":11}},"52":{"start":{"line":53,"column":0},"end":{"line":53,"column":21}},"53":{"start":{"line":54,"column":0},"end":{"line":54,"column":34}},"54":{"start":{"line":55,"column":0},"end":{"line":55,"column":21}},"55":{"start":{"line":56,"column":0},"end":{"line":56,"column":44}},"56":{"start":{"line":57,"column":0},"end":{"line":57,"column":42}},"57":{"start":{"line":58,"column":0},"end":{"line":58,"column":28}},"58":{"start":{"line":59,"column":0},"end":{"line":59,"column":11}},"59":{"start":{"line":60,"column":0},"end":{"line":60,"column":24}},"60":{"start":{"line":61,"column":0},"end":{"line":61,"column":27}},"61":{"start":{"line":62,"column":0},"end":{"line":62,"column":26}},"62":{"start":{"line":63,"column":0},"end":{"line":63,"column":31}},"63":{"start":{"line":64,"column":0},"end":{"line":64,"column":15}},"64":{"start":{"line":65,"column":0},"end":{"line":65,"column":24}},"65":{"start":{"line":66,"column":0},"end":{"line":66,"column":38}},"66":{"start":{"line":67,"column":0},"end":{"line":67,"column":44}},"67":{"start":{"line":68,"column":0},"end":{"line":68,"column":27}},"68":{"start":{"line":69,"column":0},"end":{"line":69,"column":8}}},"s":{"0":0,"1":0,"2":0,"3":0,"4":0,"5":0,"6":0,"7":0,"8":0,"9":0,"10":0,"11":0,"12":0,"13":0,"14":0,"15":0,"16":0,"17":0,"18":0,"19":0,"20":0,"21":0,"22":0,"23":0,"24":0,"25":0,"26":0,"27":0,"28":0,"29":0,"30":0,"31":0,"32":0,"33":0,"34":0,"35":0,"36":0,"37":0,"38":0,"39":0,"40":0,"41":0,"42":0,"43":0,"44":0,"45":0,"46":0,"47":0,"48":0,"49":0,"50":0,"51":0,"52":0,"53":0,"54":0,"55":0,"56":0,"57":0,"58":0,"59":0,"60":0,"61":0,"62":0,"63":0,"64":0,"65":0,"66":0,"67":0,"68":0},"branchMap":{"0":{"type":"branch","line":1,"loc":{"start":{"line":1,"column":0},"end":{"line":69,"column":8}},"locations":[{"start":{"line":1,"column":0},"end":{"line":69,"column":8}}]}},"b":{"0":[0]},"fnMap":{"0":{"name":"(empty-report)","decl":{"start":{"line":1,"column":0},"end":{"line":69,"column":8}},"loc":{"start":{"line":1,"column":0},"end":{"line":69,"column":8}},"line":1}},"f":{"0":0}}
,"/home/kali/Documents/projects/historic_horizons/client/components/RecommendedVue.vue": {"path":"/home/kali/Documents/projects/historic_horizons/client/components/RecommendedVue.vue","all":true,"statementMap":{"0":{"start":{"line":1,"column":0},"end":{"line":1,"column":24}},"1":{"start":{"line":2,"column":0},"end":{"line":2,"column":43}},"2":{"start":{"line":3,"column":0},"end":{"line":3,"column":59}},"3":{"start":{"line":4,"column":0},"end":{"line":4,"column":0}},"4":{"start":{"line":5,"column":0},"end":{"line":5,"column":53}},"5":{"start":{"line":6,"column":0},"end":{"line":6,"column":9}},"6":{"start":{"line":7,"column":0},"end":{"line":7,"column":0}},"7":{"start":{"line":8,"column":0},"end":{"line":8,"column":10}},"8":{"start":{"line":9,"column":0},"end":{"line":9,"column":27}},"9":{"start":{"line":10,"column":0},"end":{"line":10,"column":54}},"10":{"start":{"line":11,"column":0},"end":{"line":11,"column":43}},"11":{"start":{"line":12,"column":0},"end":{"line":12,"column":8}},"12":{"start":{"line":13,"column":0},"end":{"line":13,"column":11}},"13":{"start":{"line":14,"column":0},"end":{"line":14,"column":0}},"14":{"start":{"line":15,"column":0},"end":{"line":15,"column":19}},"15":{"start":{"line":16,"column":0},"end":{"line":16,"column":12}},"16":{"start":{"line":17,"column":0},"end":{"line":17,"column":12}},"17":{"start":{"line":18,"column":0},"end":{"line":18,"column":23}},"18":{"start":{"line":19,"column":0},"end":{"line":19,"column":27}},"19":{"start":{"line":20,"column":0},"end":{"line":20,"column":8}}},"s":{"0":0,"1":0,"2":0,"3":0,"4":0,"5":0,"6":0,"7":0,"8":0,"9":0,"10":0,"11":0,"12":0,"13":0,"14":0,"15":0,"16":0,"17":0,"18":0,"19":0},"branchMap":{"0":{"type":"branch","line":1,"loc":{"start":{"line":1,"column":0},"end":{"line":20,"column":8}},"locations":[{"start":{"line":1,"column":0},"end":{"line":20,"column":8}}]}},"b":{"0":[0]},"fnMap":{"0":{"name":"(empty-report)","decl":{"start":{"line":1,"column":0},"end":{"line":20,"column":8}},"loc":{"start":{"line":1,"column":0},"end":{"line":20,"column":8}},"line":1}},"f":{"0":0}}
,"/home/kali/Documents/projects/historic_horizons/client/components/articles/ArticleItemVue.vue": {"path":"/home/kali/Documents/projects/historic_horizons/client/components/articles/ArticleItemVue.vue","all":true,"statementMap":{"0":{"start":{"line":1,"column":0},"end":{"line":1,"column":24}},"1":{"start":{"line":2,"column":0},"end":{"line":2,"column":43}},"2":{"start":{"line":3,"column":0},"end":{"line":3,"column":0}},"3":{"start":{"line":4,"column":0},"end":{"line":4,"column":32}},"4":{"start":{"line":5,"column":0},"end":{"line":5,"column":0}},"5":{"start":{"line":6,"column":0},"end":{"line":6,"column":50}},"6":{"start":{"line":7,"column":0},"end":{"line":7,"column":9}},"7":{"start":{"line":8,"column":0},"end":{"line":8,"column":0}},"8":{"start":{"line":9,"column":0},"end":{"line":9,"column":10}},"9":{"start":{"line":10,"column":0},"end":{"line":10,"column":48}},"10":{"start":{"line":11,"column":0},"end":{"line":11,"column":13}},"11":{"start":{"line":12,"column":0},"end":{"line":12,"column":47}},"12":{"start":{"line":13,"column":0},"end":{"line":13,"column":30}},"13":{"start":{"line":14,"column":0},"end":{"line":14,"column":5}},"14":{"start":{"line":15,"column":0},"end":{"line":15,"column":10}},"15":{"start":{"line":16,"column":0},"end":{"line":16,"column":63}},"16":{"start":{"line":17,"column":0},"end":{"line":17,"column":28}},"17":{"start":{"line":18,"column":0},"end":{"line":18,"column":27}},"18":{"start":{"line":19,"column":0},"end":{"line":19,"column":8}},"19":{"start":{"line":20,"column":0},"end":{"line":20,"column":15}},"20":{"start":{"line":21,"column":0},"end":{"line":21,"column":31}},"21":{"start":{"line":22,"column":0},"end":{"line":22,"column":30}},"22":{"start":{"line":23,"column":0},"end":{"line":23,"column":17}},"23":{"start":{"line":24,"column":0},"end":{"line":24,"column":51}},"24":{"start":{"line":25,"column":0},"end":{"line":25,"column":44}},"25":{"start":{"line":26,"column":0},"end":{"line":26,"column":9}},"26":{"start":{"line":27,"column":0},"end":{"line":27,"column":29}},"27":{"start":{"line":28,"column":0},"end":{"line":28,"column":19}},"28":{"start":{"line":29,"column":0},"end":{"line":29,"column":11}},"29":{"start":{"line":30,"column":0},"end":{"line":30,"column":10}},"30":{"start":{"line":31,"column":0},"end":{"line":31,"column":48}},"31":{"start":{"line":32,"column":0},"end":{"line":32,"column":15}},"32":{"start":{"line":33,"column":0},"end":{"line":33,"column":40}},"33":{"start":{"line":34,"column":0},"end":{"line":34,"column":16}},"34":{"start":{"line":35,"column":0},"end":{"line":35,"column":47}},"35":{"start":{"line":36,"column":0},"end":{"line":36,"column":75}},"36":{"start":{"line":37,"column":0},"end":{"line":37,"column":28}},"37":{"start":{"line":38,"column":0},"end":{"line":38,"column":7}},"38":{"start":{"line":39,"column":0},"end":{"line":39,"column":10}},"39":{"start":{"line":40,"column":0},"end":{"line":40,"column":8}},"40":{"start":{"line":41,"column":0},"end":{"line":41,"column":11}},"41":{"start":{"line":42,"column":0},"end":{"line":42,"column":0}},"42":{"start":{"line":43,"column":0},"end":{"line":43,"column":19}},"43":{"start":{"line":44,"column":0},"end":{"line":44,"column":5}},"44":{"start":{"line":45,"column":0},"end":{"line":45,"column":17}},"45":{"start":{"line":46,"column":0},"end":{"line":46,"column":30}},"46":{"start":{"line":47,"column":0},"end":{"line":47,"column":40}},"47":{"start":{"line":48,"column":0},"end":{"line":48,"column":42}},"48":{"start":{"line":49,"column":0},"end":{"line":49,"column":17}},"49":{"start":{"line":50,"column":0},"end":{"line":50,"column":12}},"50":{"start":{"line":51,"column":0},"end":{"line":51,"column":29}},"51":{"start":{"line":52,"column":0},"end":{"line":52,"column":23}},"52":{"start":{"line":53,"column":0},"end":{"line":53,"column":28}},"53":{"start":{"line":54,"column":0},"end":{"line":54,"column":24}},"54":{"start":{"line":55,"column":0},"end":{"line":55,"column":30}},"55":{"start":{"line":56,"column":0},"end":{"line":56,"column":44}},"56":{"start":{"line":57,"column":0},"end":{"line":57,"column":31}},"57":{"start":{"line":58,"column":0},"end":{"line":58,"column":11}},"58":{"start":{"line":59,"column":0},"end":{"line":59,"column":28}},"59":{"start":{"line":60,"column":0},"end":{"line":60,"column":15}},"60":{"start":{"line":61,"column":0},"end":{"line":61,"column":24}},"61":{"start":{"line":62,"column":0},"end":{"line":62,"column":38}},"62":{"start":{"line":63,"column":0},"end":{"line":63,"column":11}},"63":{"start":{"line":64,"column":0},"end":{"line":64,"column":21}},"64":{"start":{"line":65,"column":0},"end":{"line":65,"column":23}},"65":{"start":{"line":66,"column":0},"end":{"line":66,"column":24}},"66":{"start":{"line":67,"column":0},"end":{"line":67,"column":27}},"67":{"start":{"line":68,"column":0},"end":{"line":68,"column":23}},"68":{"start":{"line":69,"column":0},"end":{"line":69,"column":24}},"69":{"start":{"line":70,"column":0},"end":{"line":70,"column":27}},"70":{"start":{"line":71,"column":0},"end":{"line":71,"column":17}},"71":{"start":{"line":72,"column":0},"end":{"line":72,"column":26}},"72":{"start":{"line":73,"column":0},"end":{"line":73,"column":12}},"73":{"start":{"line":74,"column":0},"end":{"line":74,"column":20}},"74":{"start":{"line":75,"column":0},"end":{"line":75,"column":25}},"75":{"start":{"line":76,"column":0},"end":{"line":76,"column":38}},"76":{"start":{"line":77,"column":0},"end":{"line":77,"column":44}},"77":{"start":{"line":78,"column":0},"end":{"line":78,"column":25}},"78":{"start":{"line":79,"column":0},"end":{"line":79,"column":23}},"79":{"start":{"line":80,"column":0},"end":{"line":80,"column":0}},"80":{"start":{"line":81,"column":0},"end":{"line":81,"column":15}},"81":{"start":{"line":82,"column":0},"end":{"line":82,"column":49}},"82":{"start":{"line":83,"column":0},"end":{"line":83,"column":40}},"83":{"start":{"line":84,"column":0},"end":{"line":84,"column":14}},"84":{"start":{"line":85,"column":0},"end":{"line":85,"column":33}},"85":{"start":{"line":86,"column":0},"end":{"line":86,"column":15}},"86":{"start":{"line":87,"column":0},"end":{"line":87,"column":24}},"87":{"start":{"line":88,"column":0},"end":{"line":88,"column":8}}},"s":{"0":0,"1":0,"2":0,"3":0,"4":0,"5":0,"6":0,"7":0,"8":0,"9":0,"10":0,"11":0,"12":0,"13":0,"14":0,"15":0,"16":0,"17":0,"18":0,"19":0,"20":0,"21":0,"22":0,"23":0,"24":0,"25":0,"26":0,"27":0,"28":0,"29":0,"30":0,"31":0,"32":0,"33":0,"34":0,"35":0,"36":0,"37":0,"38":0,"39":0,"40":0,"41":0,"42":0,"43":0,"44":0,"45":0,"46":0,"47":0,"48":0,"49":0,"50":0,"51":0,"52":0,"53":0,"54":0,"55":0,"56":0,"57":0,"58":0,"59":0,"60":0,"61":0,"62":0,"63":0,"64":0,"65":0,"66":0,"67":0,"68":0,"69":0,"70":0,"71":0,"72":0,"73":0,"74":0,"75":0,"76":0,"77":0,"78":0,"79":0,"80":0,"81":0,"82":0,"83":0,"84":0,"85":0,"86":0,"87":0},"branchMap":{"0":{"type":"branch","line":1,"loc":{"start":{"line":1,"column":0},"end":{"line":88,"column":8}},"locations":[{"start":{"line":1,"column":0},"end":{"line":88,"column":8}}]}},"b":{"0":[0]},"fnMap":{"0":{"name":"(empty-report)","decl":{"start":{"line":1,"column":0},"end":{"line":88,"column":8}},"loc":{"start":{"line":1,"column":0},"end":{"line":88,"column":8}},"line":1}},"f":{"0":0}}
,"/home/kali/Documents/projects/historic_horizons/client/components/articles/ArticleListVue.vue": {"path":"/home/kali/Documents/projects/historic_horizons/client/components/articles/ArticleListVue.vue","all":true,"statementMap":{"0":{"start":{"line":1,"column":0},"end":{"line":1,"column":24}},"1":{"start":{"line":2,"column":0},"end":{"line":2,"column":43}},"2":{"start":{"line":3,"column":0},"end":{"line":3,"column":70}},"3":{"start":{"line":4,"column":0},"end":{"line":4,"column":53}},"4":{"start":{"line":5,"column":0},"end":{"line":5,"column":9}},"5":{"start":{"line":6,"column":0},"end":{"line":6,"column":0}},"6":{"start":{"line":7,"column":0},"end":{"line":7,"column":10}},"7":{"start":{"line":8,"column":0},"end":{"line":8,"column":43}},"8":{"start":{"line":9,"column":0},"end":{"line":9,"column":19}},"9":{"start":{"line":10,"column":0},"end":{"line":10,"column":33}},"10":{"start":{"line":11,"column":0},"end":{"line":11,"column":23}},"11":{"start":{"line":12,"column":0},"end":{"line":12,"column":24}},"12":{"start":{"line":13,"column":0},"end":{"line":13,"column":6}},"13":{"start":{"line":14,"column":0},"end":{"line":14,"column":7}},"14":{"start":{"line":15,"column":0},"end":{"line":15,"column":11}},"15":{"start":{"line":16,"column":0},"end":{"line":16,"column":0}},"16":{"start":{"line":17,"column":0},"end":{"line":17,"column":19}},"17":{"start":{"line":18,"column":0},"end":{"line":18,"column":13}},"18":{"start":{"line":19,"column":0},"end":{"line":19,"column":17}},"19":{"start":{"line":20,"column":0},"end":{"line":20,"column":17}},"20":{"start":{"line":21,"column":0},"end":{"line":21,"column":40}},"21":{"start":{"line":22,"column":0},"end":{"line":22,"column":39}},"22":{"start":{"line":23,"column":0},"end":{"line":23,"column":17}},"23":{"start":{"line":24,"column":0},"end":{"line":24,"column":31}},"24":{"start":{"line":25,"column":0},"end":{"line":25,"column":31}},"25":{"start":{"line":26,"column":0},"end":{"line":26,"column":0}},"26":{"start":{"line":27,"column":0},"end":{"line":27,"column":16}},"27":{"start":{"line":28,"column":0},"end":{"line":28,"column":20}},"28":{"start":{"line":29,"column":0},"end":{"line":29,"column":0}},"29":{"start":{"line":30,"column":0},"end":{"line":30,"column":15}},"30":{"start":{"line":31,"column":0},"end":{"line":31,"column":32}},"31":{"start":{"line":32,"column":0},"end":{"line":32,"column":26}},"32":{"start":{"line":33,"column":0},"end":{"line":33,"column":16}},"33":{"start":{"line":34,"column":0},"end":{"line":34,"column":28}},"34":{"start":{"line":35,"column":0},"end":{"line":35,"column":24}},"35":{"start":{"line":36,"column":0},"end":{"line":36,"column":41}},"36":{"start":{"line":37,"column":0},"end":{"line":37,"column":27}},"37":{"start":{"line":38,"column":0},"end":{"line":38,"column":17}},"38":{"start":{"line":39,"column":0},"end":{"line":39,"column":18}},"39":{"start":{"line":40,"column":0},"end":{"line":40,"column":15}},"40":{"start":{"line":41,"column":0},"end":{"line":41,"column":23}},"41":{"start":{"line":42,"column":0},"end":{"line":42,"column":28}},"42":{"start":{"line":43,"column":0},"end":{"line":43,"column":47}},"43":{"start":{"line":44,"column":0},"end":{"line":44,"column":25}},"44":{"start":{"line":45,"column":0},"end":{"line":45,"column":8}}},"s":{"0":0,"1":0,"2":0,"3":0,"4":0,"5":0,"6":0,"7":0,"8":0,"9":0,"10":0,"11":0,"12":0,"13":0,"14":0,"15":0,"16":0,"17":0,"18":0,"19":0,"20":0,"21":0,"22":0,"23":0,"24":0,"25":0,"26":0,"27":0,"28":0,"29":0,"30":0,"31":0,"32":0,"33":0,"34":0,"35":0,"36":0,"37":0,"38":0,"39":0,"40":0,"41":0,"42":0,"43":0,"44":0},"branchMap":{"0":{"type":"branch","line":1,"loc":{"start":{"line":1,"column":0},"end":{"line":45,"column":8}},"locations":[{"start":{"line":1,"column":0},"end":{"line":45,"column":8}}]}},"b":{"0":[0]},"fnMap":{"0":{"name":"(empty-report)","decl":{"start":{"line":1,"column":0},"end":{"line":45,"column":8}},"loc":{"start":{"line":1,"column":0},"end":{"line":45,"column":8}},"line":1}},"f":{"0":0}}
,"/home/kali/Documents/projects/historic_horizons/client/components/header/HeaderVue.vue": {"path":"/home/kali/Documents/projects/historic_horizons/client/components/header/HeaderVue.vue","all":true,"statementMap":{"0":{"start":{"line":1,"column":0},"end":{"line":1,"column":24}},"1":{"start":{"line":2,"column":0},"end":{"line":2,"column":40}},"2":{"start":{"line":3,"column":0},"end":{"line":3,"column":62}},"3":{"start":{"line":4,"column":0},"end":{"line":4,"column":52}},"4":{"start":{"line":5,"column":0},"end":{"line":5,"column":52}},"5":{"start":{"line":6,"column":0},"end":{"line":6,"column":52}},"6":{"start":{"line":7,"column":0},"end":{"line":7,"column":32}},"7":{"start":{"line":8,"column":0},"end":{"line":8,"column":28}},"8":{"start":{"line":9,"column":0},"end":{"line":9,"column":35}},"9":{"start":{"line":10,"column":0},"end":{"line":10,"column":44}},"10":{"start":{"line":11,"column":0},"end":{"line":11,"column":0}},"11":{"start":{"line":12,"column":0},"end":{"line":12,"column":19}},"12":{"start":{"line":13,"column":0},"end":{"line":13,"column":46}},"13":{"start":{"line":14,"column":0},"end":{"line":14,"column":52}},"14":{"start":{"line":15,"column":0},"end":{"line":15,"column":37}},"15":{"start":{"line":16,"column":0},"end":{"line":16,"column":3}},"16":{"start":{"line":17,"column":0},"end":{"line":17,"column":0}},"17":{"start":{"line":18,"column":0},"end":{"line":18,"column":27}},"18":{"start":{"line":19,"column":0},"end":{"line":19,"column":47}},"19":{"start":{"line":20,"column":0},"end":{"line":20,"column":61}},"20":{"start":{"line":21,"column":0},"end":{"line":21,"column":26}},"21":{"start":{"line":22,"column":0},"end":{"line":22,"column":13}},"22":{"start":{"line":23,"column":0},"end":{"line":23,"column":61}},"23":{"start":{"line":24,"column":0},"end":{"line":24,"column":24}},"24":{"start":{"line":25,"column":0},"end":{"line":25,"column":5}},"25":{"start":{"line":26,"column":0},"end":{"line":26,"column":27}},"26":{"start":{"line":27,"column":0},"end":{"line":27,"column":3}},"27":{"start":{"line":28,"column":0},"end":{"line":28,"column":1}},"28":{"start":{"line":29,"column":0},"end":{"line":29,"column":0}},"29":{"start":{"line":30,"column":0},"end":{"line":30,"column":30}},"30":{"start":{"line":31,"column":0},"end":{"line":31,"column":37}},"31":{"start":{"line":32,"column":0},"end":{"line":32,"column":1}},"32":{"start":{"line":33,"column":0},"end":{"line":33,"column":9}},"33":{"start":{"line":34,"column":0},"end":{"line":34,"column":0}},"34":{"start":{"line":35,"column":0},"end":{"line":35,"column":10}},"35":{"start":{"line":36,"column":0},"end":{"line":36,"column":9}},"36":{"start":{"line":37,"column":0},"end":{"line":37,"column":13}},"37":{"start":{"line":38,"column":0},"end":{"line":38,"column":32}},"38":{"start":{"line":39,"column":0},"end":{"line":39,"column":71}},"39":{"start":{"line":40,"column":0},"end":{"line":40,"column":6}},"40":{"start":{"line":41,"column":0},"end":{"line":41,"column":3}},"41":{"start":{"line":42,"column":0},"end":{"line":42,"column":31}},"42":{"start":{"line":43,"column":0},"end":{"line":43,"column":15}},"43":{"start":{"line":44,"column":0},"end":{"line":44,"column":14}},"44":{"start":{"line":45,"column":0},"end":{"line":45,"column":17}},"45":{"start":{"line":46,"column":0},"end":{"line":46,"column":48}},"46":{"start":{"line":47,"column":0},"end":{"line":47,"column":11}},"47":{"start":{"line":48,"column":0},"end":{"line":48,"column":46}},"48":{"start":{"line":49,"column":0},"end":{"line":49,"column":48}},"49":{"start":{"line":50,"column":0},"end":{"line":50,"column":12}},"50":{"start":{"line":51,"column":0},"end":{"line":51,"column":10}},"51":{"start":{"line":52,"column":0},"end":{"line":52,"column":7}},"52":{"start":{"line":53,"column":0},"end":{"line":53,"column":24}},"53":{"start":{"line":54,"column":0},"end":{"line":54,"column":17}},"54":{"start":{"line":55,"column":0},"end":{"line":55,"column":33}},"55":{"start":{"line":56,"column":0},"end":{"line":56,"column":55}},"56":{"start":{"line":57,"column":0},"end":{"line":57,"column":50}},"57":{"start":{"line":58,"column":0},"end":{"line":58,"column":27}},"58":{"start":{"line":59,"column":0},"end":{"line":59,"column":27}},"59":{"start":{"line":60,"column":0},"end":{"line":60,"column":12}},"60":{"start":{"line":61,"column":0},"end":{"line":61,"column":10}},"61":{"start":{"line":62,"column":0},"end":{"line":62,"column":17}},"62":{"start":{"line":63,"column":0},"end":{"line":63,"column":11}},"63":{"start":{"line":64,"column":0},"end":{"line":64,"column":11}},"64":{"start":{"line":65,"column":0},"end":{"line":65,"column":0}},"65":{"start":{"line":66,"column":0},"end":{"line":66,"column":19}},"66":{"start":{"line":67,"column":0},"end":{"line":67,"column":7}},"67":{"start":{"line":68,"column":0},"end":{"line":68,"column":19}},"68":{"start":{"line":69,"column":0},"end":{"line":69,"column":15}},"69":{"start":{"line":70,"column":0},"end":{"line":70,"column":10}},"70":{"start":{"line":71,"column":0},"end":{"line":71,"column":11}},"71":{"start":{"line":72,"column":0},"end":{"line":72,"column":22}},"72":{"start":{"line":73,"column":0},"end":{"line":73,"column":28}},"73":{"start":{"line":74,"column":0},"end":{"line":74,"column":29}},"74":{"start":{"line":75,"column":0},"end":{"line":75,"column":26}},"75":{"start":{"line":76,"column":0},"end":{"line":76,"column":14}},"76":{"start":{"line":77,"column":0},"end":{"line":77,"column":40}},"77":{"start":{"line":78,"column":0},"end":{"line":78,"column":26}},"78":{"start":{"line":79,"column":0},"end":{"line":79,"column":12}},"79":{"start":{"line":80,"column":0},"end":{"line":80,"column":44}},"80":{"start":{"line":81,"column":0},"end":{"line":81,"column":26}},"81":{"start":{"line":82,"column":0},"end":{"line":82,"column":26}},"82":{"start":{"line":83,"column":0},"end":{"line":83,"column":12}},"83":{"start":{"line":84,"column":0},"end":{"line":84,"column":36}},"84":{"start":{"line":85,"column":0},"end":{"line":85,"column":17}},"85":{"start":{"line":86,"column":0},"end":{"line":86,"column":33}},"86":{"start":{"line":87,"column":0},"end":{"line":87,"column":33}},"87":{"start":{"line":88,"column":0},"end":{"line":88,"column":18}},"88":{"start":{"line":89,"column":0},"end":{"line":89,"column":30}},"89":{"start":{"line":90,"column":0},"end":{"line":90,"column":33}},"90":{"start":{"line":91,"column":0},"end":{"line":91,"column":12}},"91":{"start":{"line":92,"column":0},"end":{"line":92,"column":21}},"92":{"start":{"line":93,"column":0},"end":{"line":93,"column":38}},"93":{"start":{"line":94,"column":0},"end":{"line":94,"column":27}},"94":{"start":{"line":95,"column":0},"end":{"line":95,"column":12}},"95":{"start":{"line":96,"column":0},"end":{"line":96,"column":21}},"96":{"start":{"line":97,"column":0},"end":{"line":97,"column":17}},"97":{"start":{"line":98,"column":0},"end":{"line":98,"column":33}},"98":{"start":{"line":99,"column":0},"end":{"line":99,"column":27}},"99":{"start":{"line":100,"column":0},"end":{"line":100,"column":44}},"100":{"start":{"line":101,"column":0},"end":{"line":101,"column":21}},"101":{"start":{"line":102,"column":0},"end":{"line":102,"column":13}},"102":{"start":{"line":103,"column":0},"end":{"line":103,"column":44}},"103":{"start":{"line":104,"column":0},"end":{"line":104,"column":23}},"104":{"start":{"line":105,"column":0},"end":{"line":105,"column":24}},"105":{"start":{"line":106,"column":0},"end":{"line":106,"column":5}},"106":{"start":{"line":107,"column":0},"end":{"line":107,"column":23}},"107":{"start":{"line":108,"column":0},"end":{"line":108,"column":19}},"108":{"start":{"line":109,"column":0},"end":{"line":109,"column":20}},"109":{"start":{"line":110,"column":0},"end":{"line":110,"column":18}},"110":{"start":{"line":111,"column":0},"end":{"line":111,"column":17}},"111":{"start":{"line":112,"column":0},"end":{"line":112,"column":22}},"112":{"start":{"line":113,"column":0},"end":{"line":113,"column":18}},"113":{"start":{"line":114,"column":0},"end":{"line":114,"column":19}},"114":{"start":{"line":115,"column":0},"end":{"line":115,"column":40}},"115":{"start":{"line":116,"column":0},"end":{"line":116,"column":30}},"116":{"start":{"line":117,"column":0},"end":{"line":117,"column":23}},"117":{"start":{"line":118,"column":0},"end":{"line":118,"column":8}}},"s":{"0":0,"1":0,"2":0,"3":0,"4":0,"5":0,"6":0,"7":0,"8":0,"9":0,"10":0,"11":0,"12":0,"13":0,"14":0,"15":0,"16":0,"17":0,"18":0,"19":0,"20":0,"21":0,"22":0,"23":0,"24":0,"25":0,"26":0,"27":0,"28":0,"29":0,"30":0,"31":0,"32":0,"33":0,"34":0,"35":0,"36":0,"37":0,"38":0,"39":0,"40":0,"41":0,"42":0,"43":0,"44":0,"45":0,"46":0,"47":0,"48":0,"49":0,"50":0,"51":0,"52":0,"53":0,"54":0,"55":0,"56":0,"57":0,"58":0,"59":0,"60":0,"61":0,"62":0,"63":0,"64":0,"65":0,"66":0,"67":0,"68":0,"69":0,"70":0,"71":0,"72":0,"73":0,"74":0,"75":0,"76":0,"77":0,"78":0,"79":0,"80":0,"81":0,"82":0,"83":0,"84":0,"85":0,"86":0,"87":0,"88":0,"89":0,"90":0,"91":0,"92":0,"93":0,"94":0,"95":0,"96":0,"97":0,"98":0,"99":0,"100":0,"101":0,"102":0,"103":0,"104":0,"105":0,"106":0,"107":0,"108":0,"109":0,"110":0,"111":0,"112":0,"113":0,"114":0,"115":0,"116":0,"117":0},"branchMap":{"0":{"type":"branch","line":1,"loc":{"start":{"line":1,"column":0},"end":{"line":118,"column":8}},"locations":[{"start":{"line":1,"column":0},"end":{"line":118,"column":8}}]}},"b":{"0":[0]},"fnMap":{"0":{"name":"(empty-report)","decl":{"start":{"line":1,"column":0},"end":{"line":118,"column":8}},"loc":{"start":{"line":1,"column":0},"end":{"line":118,"column":8}},"line":1}},"f":{"0":0}}
,"/home/kali/Documents/projects/historic_horizons/client/components/header/NavbarButtonVue.vue": {"path":"/home/kali/Documents/projects/historic_horizons/client/components/header/NavbarButtonVue.vue","all":true,"statementMap":{"0":{"start":{"line":1,"column":0},"end":{"line":1,"column":24}},"1":{"start":{"line":2,"column":0},"end":{"line":2,"column":32}},"2":{"start":{"line":3,"column":0},"end":{"line":3,"column":35}},"3":{"start":{"line":4,"column":0},"end":{"line":4,"column":9}},"4":{"start":{"line":5,"column":0},"end":{"line":5,"column":0}},"5":{"start":{"line":6,"column":0},"end":{"line":6,"column":10}},"6":{"start":{"line":7,"column":0},"end":{"line":7,"column":61}},"7":{"start":{"line":8,"column":0},"end":{"line":8,"column":9}},"8":{"start":{"line":9,"column":0},"end":{"line":9,"column":28}},"9":{"start":{"line":10,"column":0},"end":{"line":10,"column":14}},"10":{"start":{"line":11,"column":0},"end":{"line":11,"column":15}},"11":{"start":{"line":12,"column":0},"end":{"line":12,"column":42}},"12":{"start":{"line":13,"column":0},"end":{"line":13,"column":9}},"13":{"start":{"line":14,"column":0},"end":{"line":14,"column":52}},"14":{"start":{"line":15,"column":0},"end":{"line":15,"column":54}},"15":{"start":{"line":16,"column":0},"end":{"line":16,"column":33}},"16":{"start":{"line":17,"column":0},"end":{"line":17,"column":10}},"17":{"start":{"line":18,"column":0},"end":{"line":18,"column":8}},"18":{"start":{"line":19,"column":0},"end":{"line":19,"column":5}},"19":{"start":{"line":20,"column":0},"end":{"line":20,"column":11}},"20":{"start":{"line":21,"column":0},"end":{"line":21,"column":11}},"21":{"start":{"line":22,"column":0},"end":{"line":22,"column":11}},"22":{"start":{"line":23,"column":0},"end":{"line":23,"column":0}},"23":{"start":{"line":24,"column":0},"end":{"line":24,"column":19}},"24":{"start":{"line":25,"column":0},"end":{"line":25,"column":21}},"25":{"start":{"line":26,"column":0},"end":{"line":26,"column":22}},"26":{"start":{"line":27,"column":0},"end":{"line":27,"column":15}},"27":{"start":{"line":28,"column":0},"end":{"line":28,"column":16}},"28":{"start":{"line":29,"column":0},"end":{"line":29,"column":20}},"29":{"start":{"line":30,"column":0},"end":{"line":30,"column":40}},"30":{"start":{"line":31,"column":0},"end":{"line":31,"column":21}},"31":{"start":{"line":32,"column":0},"end":{"line":32,"column":12}},"32":{"start":{"line":33,"column":0},"end":{"line":33,"column":22}},"33":{"start":{"line":34,"column":0},"end":{"line":34,"column":15}},"34":{"start":{"line":35,"column":0},"end":{"line":35,"column":15}},"35":{"start":{"line":36,"column":0},"end":{"line":36,"column":11}},"36":{"start":{"line":37,"column":0},"end":{"line":37,"column":111}},"37":{"start":{"line":38,"column":0},"end":{"line":38,"column":7}},"38":{"start":{"line":39,"column":0},"end":{"line":39,"column":14}},"39":{"start":{"line":40,"column":0},"end":{"line":40,"column":39}},"40":{"start":{"line":41,"column":0},"end":{"line":41,"column":16}},"41":{"start":{"line":42,"column":0},"end":{"line":42,"column":53}},"42":{"start":{"line":43,"column":0},"end":{"line":43,"column":20}},"43":{"start":{"line":44,"column":0},"end":{"line":44,"column":7}},"44":{"start":{"line":45,"column":0},"end":{"line":45,"column":16}},"45":{"start":{"line":46,"column":0},"end":{"line":46,"column":35}},"46":{"start":{"line":47,"column":0},"end":{"line":47,"column":16}},"47":{"start":{"line":48,"column":0},"end":{"line":48,"column":22}},"48":{"start":{"line":49,"column":0},"end":{"line":49,"column":39}},"49":{"start":{"line":50,"column":0},"end":{"line":50,"column":7}},"50":{"start":{"line":51,"column":0},"end":{"line":51,"column":17}},"51":{"start":{"line":52,"column":0},"end":{"line":52,"column":39}},"52":{"start":{"line":53,"column":0},"end":{"line":53,"column":16}},"53":{"start":{"line":54,"column":0},"end":{"line":54,"column":53}},"54":{"start":{"line":55,"column":0},"end":{"line":55,"column":23}},"55":{"start":{"line":56,"column":0},"end":{"line":56,"column":0}},"56":{"start":{"line":57,"column":0},"end":{"line":57,"column":16}},"57":{"start":{"line":58,"column":0},"end":{"line":58,"column":33}},"58":{"start":{"line":59,"column":0},"end":{"line":59,"column":17}},"59":{"start":{"line":60,"column":0},"end":{"line":60,"column":30}},"60":{"start":{"line":61,"column":0},"end":{"line":61,"column":8}}},"s":{"0":0,"1":0,"2":0,"3":0,"4":0,"5":0,"6":0,"7":0,"8":0,"9":0,"10":0,"11":0,"12":0,"13":0,"14":0,"15":0,"16":0,"17":0,"18":0,"19":0,"20":0,"21":0,"22":0,"23":0,"24":0,"25":0,"26":0,"27":0,"28":0,"29":0,"30":0,"31":0,"32":0,"33":0,"34":0,"35":0,"36":0,"37":0,"38":0,"39":0,"40":0,"41":0,"42":0,"43":0,"44":0,"45":0,"46":0,"47":0,"48":0,"49":0,"50":0,"51":0,"52":0,"53":0,"54":0,"55":0,"56":0,"57":0,"58":0,"59":0,"60":0},"branchMap":{"0":{"type":"branch","line":1,"loc":{"start":{"line":1,"column":0},"end":{"line":61,"column":8}},"locations":[{"start":{"line":1,"column":0},"end":{"line":61,"column":8}}]}},"b":{"0":[0]},"fnMap":{"0":{"name":"(empty-report)","decl":{"start":{"line":1,"column":0},"end":{"line":61,"column":8}},"loc":{"start":{"line":1,"column":0},"end":{"line":61,"column":8}},"line":1}},"f":{"0":0}}
,"/home/kali/Documents/projects/historic_horizons/client/components/header/NavbarItemVue.vue": {"path":"/home/kali/Documents/projects/historic_horizons/client/components/header/NavbarItemVue.vue","all":true,"statementMap":{"0":{"start":{"line":1,"column":0},"end":{"line":1,"column":24}},"1":{"start":{"line":2,"column":0},"end":{"line":2,"column":32}},"2":{"start":{"line":3,"column":0},"end":{"line":3,"column":0}},"3":{"start":{"line":4,"column":0},"end":{"line":4,"column":65}},"4":{"start":{"line":5,"column":0},"end":{"line":5,"column":0}},"5":{"start":{"line":6,"column":0},"end":{"line":6,"column":9}},"6":{"start":{"line":7,"column":0},"end":{"line":7,"column":0}},"7":{"start":{"line":8,"column":0},"end":{"line":8,"column":10}},"8":{"start":{"line":9,"column":0},"end":{"line":9,"column":28}},"9":{"start":{"line":10,"column":0},"end":{"line":10,"column":17}},"10":{"start":{"line":11,"column":0},"end":{"line":11,"column":38}},"11":{"start":{"line":12,"column":0},"end":{"line":12,"column":33}},"12":{"start":{"line":13,"column":0},"end":{"line":13,"column":21}},"13":{"start":{"line":14,"column":0},"end":{"line":14,"column":43}},"14":{"start":{"line":15,"column":0},"end":{"line":15,"column":15}},"15":{"start":{"line":16,"column":0},"end":{"line":16,"column":59}},"16":{"start":{"line":17,"column":0},"end":{"line":17,"column":61}},"17":{"start":{"line":18,"column":0},"end":{"line":18,"column":16}},"18":{"start":{"line":19,"column":0},"end":{"line":19,"column":14}},"19":{"start":{"line":20,"column":0},"end":{"line":20,"column":11}},"20":{"start":{"line":21,"column":0},"end":{"line":21,"column":31}},"21":{"start":{"line":22,"column":0},"end":{"line":22,"column":21}},"22":{"start":{"line":23,"column":0},"end":{"line":23,"column":9}},"23":{"start":{"line":24,"column":0},"end":{"line":24,"column":11}}},"s":{"0":0,"1":0,"2":0,"3":0,"4":0,"5":0,"6":0,"7":0,"8":0,"9":0,"10":0,"11":0,"12":0,"13":0,"14":0,"15":0,"16":0,"17":0,"18":0,"19":0,"20":0,"21":0,"22":0,"23":0},"branchMap":{"0":{"type":"branch","line":1,"loc":{"start":{"line":1,"column":0},"end":{"line":24,"column":11}},"locations":[{"start":{"line":1,"column":0},"end":{"line":24,"column":11}}]}},"b":{"0":[0]},"fnMap":{"0":{"name":"(empty-report)","decl":{"start":{"line":1,"column":0},"end":{"line":24,"column":11}},"loc":{"start":{"line":1,"column":0},"end":{"line":24,"column":11}},"line":1}},"f":{"0":0}}
,"/home/kali/Documents/projects/historic_horizons/client/components/header/NavbarListVue.vue": {"path":"/home/kali/Documents/projects/historic_horizons/client/components/header/NavbarListVue.vue","all":true,"statementMap":{"0":{"start":{"line":1,"column":0},"end":{"line":1,"column":24}},"1":{"start":{"line":2,"column":0},"end":{"line":2,"column":48}},"2":{"start":{"line":3,"column":0},"end":{"line":3,"column":0}},"3":{"start":{"line":4,"column":0},"end":{"line":4,"column":0}},"4":{"start":{"line":5,"column":0},"end":{"line":5,"column":67}},"5":{"start":{"line":6,"column":0},"end":{"line":6,"column":0}},"6":{"start":{"line":7,"column":0},"end":{"line":7,"column":9}},"7":{"start":{"line":8,"column":0},"end":{"line":8,"column":0}},"8":{"start":{"line":9,"column":0},"end":{"line":9,"column":10}},"9":{"start":{"line":10,"column":0},"end":{"line":10,"column":28}},"10":{"start":{"line":11,"column":0},"end":{"line":11,"column":79}},"11":{"start":{"line":12,"column":0},"end":{"line":12,"column":9}},"12":{"start":{"line":13,"column":0},"end":{"line":13,"column":11}},"13":{"start":{"line":14,"column":0},"end":{"line":14,"column":0}},"14":{"start":{"line":15,"column":0},"end":{"line":15,"column":26}},"15":{"start":{"line":16,"column":0},"end":{"line":16,"column":12}},"16":{"start":{"line":17,"column":0},"end":{"line":17,"column":17}},"17":{"start":{"line":18,"column":0},"end":{"line":18,"column":26}},"18":{"start":{"line":19,"column":0},"end":{"line":19,"column":13}},"19":{"start":{"line":20,"column":0},"end":{"line":20,"column":40}},"20":{"start":{"line":21,"column":0},"end":{"line":21,"column":27}},"21":{"start":{"line":22,"column":0},"end":{"line":22,"column":17}},"22":{"start":{"line":23,"column":0},"end":{"line":23,"column":8}}},"s":{"0":0,"1":0,"2":0,"3":0,"4":0,"5":0,"6":0,"7":0,"8":0,"9":0,"10":0,"11":0,"12":0,"13":0,"14":0,"15":0,"16":0,"17":0,"18":0,"19":0,"20":0,"21":0,"22":0},"branchMap":{"0":{"type":"branch","line":1,"loc":{"start":{"line":1,"column":0},"end":{"line":23,"column":8}},"locations":[{"start":{"line":1,"column":0},"end":{"line":23,"column":8}}]}},"b":{"0":[0]},"fnMap":{"0":{"name":"(empty-report)","decl":{"start":{"line":1,"column":0},"end":{"line":23,"column":8}},"loc":{"start":{"line":1,"column":0},"end":{"line":23,"column":8}},"line":1}},"f":{"0":0}}
,"/home/kali/Documents/projects/historic_horizons/client/components/header/NavbarVue.vue": {"path":"/home/kali/Documents/projects/historic_horizons/client/components/header/NavbarVue.vue","all":true,"statementMap":{"0":{"start":{"line":1,"column":0},"end":{"line":1,"column":0}},"1":{"start":{"line":2,"column":0},"end":{"line":2,"column":24}},"2":{"start":{"line":3,"column":0},"end":{"line":3,"column":0}},"3":{"start":{"line":4,"column":0},"end":{"line":4,"column":48}},"4":{"start":{"line":5,"column":0},"end":{"line":5,"column":0}},"5":{"start":{"line":6,"column":0},"end":{"line":6,"column":32}},"6":{"start":{"line":7,"column":0},"end":{"line":7,"column":35}},"7":{"start":{"line":8,"column":0},"end":{"line":8,"column":33}},"8":{"start":{"line":9,"column":0},"end":{"line":9,"column":36}},"9":{"start":{"line":10,"column":0},"end":{"line":10,"column":30}},"10":{"start":{"line":11,"column":0},"end":{"line":11,"column":3}},"11":{"start":{"line":12,"column":0},"end":{"line":12,"column":10}},"12":{"start":{"line":13,"column":0},"end":{"line":13,"column":21}},"13":{"start":{"line":14,"column":0},"end":{"line":14,"column":12}},"14":{"start":{"line":15,"column":0},"end":{"line":15,"column":4}},"15":{"start":{"line":16,"column":0},"end":{"line":16,"column":3}},"16":{"start":{"line":17,"column":0},"end":{"line":17,"column":10}},"17":{"start":{"line":18,"column":0},"end":{"line":18,"column":19}},"18":{"start":{"line":19,"column":0},"end":{"line":19,"column":18}},"19":{"start":{"line":20,"column":0},"end":{"line":20,"column":4}},"20":{"start":{"line":21,"column":0},"end":{"line":21,"column":3}},"21":{"start":{"line":22,"column":0},"end":{"line":22,"column":10}},"22":{"start":{"line":23,"column":0},"end":{"line":23,"column":31}},"23":{"start":{"line":24,"column":0},"end":{"line":24,"column":19}},"24":{"start":{"line":25,"column":0},"end":{"line":25,"column":4}},"25":{"start":{"line":26,"column":0},"end":{"line":26,"column":3}},"26":{"start":{"line":27,"column":0},"end":{"line":27,"column":10}},"27":{"start":{"line":28,"column":0},"end":{"line":28,"column":18}},"28":{"start":{"line":29,"column":0},"end":{"line":29,"column":18}},"29":{"start":{"line":30,"column":0},"end":{"line":30,"column":4}},"30":{"start":{"line":31,"column":0},"end":{"line":31,"column":3}},"31":{"start":{"line":32,"column":0},"end":{"line":32,"column":0}},"32":{"start":{"line":33,"column":0},"end":{"line":33,"column":32}},"33":{"start":{"line":34,"column":0},"end":{"line":34,"column":3}},"34":{"start":{"line":35,"column":0},"end":{"line":35,"column":10}},"35":{"start":{"line":36,"column":0},"end":{"line":36,"column":21}},"36":{"start":{"line":37,"column":0},"end":{"line":37,"column":11}},"37":{"start":{"line":38,"column":0},"end":{"line":38,"column":5}},"38":{"start":{"line":39,"column":0},"end":{"line":39,"column":10}},"39":{"start":{"line":40,"column":0},"end":{"line":40,"column":21}},"40":{"start":{"line":41,"column":0},"end":{"line":41,"column":19}},"41":{"start":{"line":42,"column":0},"end":{"line":42,"column":5}},"42":{"start":{"line":43,"column":0},"end":{"line":43,"column":10}},"43":{"start":{"line":44,"column":0},"end":{"line":44,"column":21}},"44":{"start":{"line":45,"column":0},"end":{"line":45,"column":17}},"45":{"start":{"line":46,"column":0},"end":{"line":46,"column":3}},"46":{"start":{"line":47,"column":0},"end":{"line":47,"column":3}},"47":{"start":{"line":48,"column":0},"end":{"line":48,"column":0}},"48":{"start":{"line":49,"column":0},"end":{"line":49,"column":31}},"49":{"start":{"line":50,"column":0},"end":{"line":50,"column":3}},"50":{"start":{"line":51,"column":0},"end":{"line":51,"column":10}},"51":{"start":{"line":52,"column":0},"end":{"line":52,"column":21}},"52":{"start":{"line":53,"column":0},"end":{"line":53,"column":12}},"53":{"start":{"line":54,"column":0},"end":{"line":54,"column":5}},"54":{"start":{"line":55,"column":0},"end":{"line":55,"column":10}},"55":{"start":{"line":56,"column":0},"end":{"line":56,"column":21}},"56":{"start":{"line":57,"column":0},"end":{"line":57,"column":19}},"57":{"start":{"line":58,"column":0},"end":{"line":58,"column":5}},"58":{"start":{"line":59,"column":0},"end":{"line":59,"column":10}},"59":{"start":{"line":60,"column":0},"end":{"line":60,"column":26}},"60":{"start":{"line":61,"column":0},"end":{"line":61,"column":17}},"61":{"start":{"line":62,"column":0},"end":{"line":62,"column":3}},"62":{"start":{"line":63,"column":0},"end":{"line":63,"column":2}},"63":{"start":{"line":64,"column":0},"end":{"line":64,"column":0}},"64":{"start":{"line":65,"column":0},"end":{"line":65,"column":19}},"65":{"start":{"line":66,"column":0},"end":{"line":66,"column":33}},"66":{"start":{"line":67,"column":0},"end":{"line":67,"column":27}},"67":{"start":{"line":68,"column":0},"end":{"line":68,"column":53}},"68":{"start":{"line":69,"column":0},"end":{"line":69,"column":13}},"69":{"start":{"line":70,"column":0},"end":{"line":70,"column":5}},"70":{"start":{"line":71,"column":0},"end":{"line":71,"column":28}},"71":{"start":{"line":72,"column":0},"end":{"line":72,"column":54}},"72":{"start":{"line":73,"column":0},"end":{"line":73,"column":13}},"73":{"start":{"line":74,"column":0},"end":{"line":74,"column":5}},"74":{"start":{"line":75,"column":0},"end":{"line":75,"column":3}},"75":{"start":{"line":76,"column":0},"end":{"line":76,"column":0}},"76":{"start":{"line":77,"column":0},"end":{"line":77,"column":48}},"77":{"start":{"line":78,"column":0},"end":{"line":78,"column":2}},"78":{"start":{"line":79,"column":0},"end":{"line":79,"column":2}},"79":{"start":{"line":80,"column":0},"end":{"line":80,"column":9}},"80":{"start":{"line":81,"column":0},"end":{"line":81,"column":0}},"81":{"start":{"line":82,"column":0},"end":{"line":82,"column":10}},"82":{"start":{"line":83,"column":0},"end":{"line":83,"column":63}},"83":{"start":{"line":84,"column":0},"end":{"line":84,"column":24}},"84":{"start":{"line":85,"column":0},"end":{"line":85,"column":36}},"85":{"start":{"line":86,"column":0},"end":{"line":86,"column":81}},"86":{"start":{"line":87,"column":0},"end":{"line":87,"column":19}},"87":{"start":{"line":88,"column":0},"end":{"line":88,"column":35}},"88":{"start":{"line":89,"column":0},"end":{"line":89,"column":33}},"89":{"start":{"line":90,"column":0},"end":{"line":90,"column":21}},"90":{"start":{"line":91,"column":0},"end":{"line":91,"column":43}},"91":{"start":{"line":92,"column":0},"end":{"line":92,"column":15}},"92":{"start":{"line":93,"column":0},"end":{"line":93,"column":59}},"93":{"start":{"line":94,"column":0},"end":{"line":94,"column":61}},"94":{"start":{"line":95,"column":0},"end":{"line":95,"column":16}},"95":{"start":{"line":96,"column":0},"end":{"line":96,"column":14}},"96":{"start":{"line":97,"column":0},"end":{"line":97,"column":11}},"97":{"start":{"line":98,"column":0},"end":{"line":98,"column":28}},"98":{"start":{"line":99,"column":0},"end":{"line":99,"column":21}},"99":{"start":{"line":100,"column":0},"end":{"line":100,"column":13}},"100":{"start":{"line":101,"column":0},"end":{"line":101,"column":15}},"101":{"start":{"line":102,"column":0},"end":{"line":102,"column":48}},"102":{"start":{"line":103,"column":0},"end":{"line":103,"column":10}},"103":{"start":{"lin
[...]
n":0},"end":{"line":161,"column":27}},"161":{"start":{"line":162,"column":0},"end":{"line":162,"column":48}},"162":{"start":{"line":163,"column":0},"end":{"line":163,"column":31}},"163":{"start":{"line":164,"column":0},"end":{"line":164,"column":32}},"164":{"start":{"line":165,"column":0},"end":{"line":165,"column":10}},"165":{"start":{"line":166,"column":0},"end":{"line":166,"column":30}},"166":{"start":{"line":167,"column":0},"end":{"line":167,"column":10}},"167":{"start":{"line":168,"column":0},"end":{"line":168,"column":31}},"168":{"start":{"line":169,"column":0},"end":{"line":169,"column":39}},"169":{"start":{"line":170,"column":0},"end":{"line":170,"column":0}},"170":{"start":{"line":171,"column":0},"end":{"line":171,"column":15}},"171":{"start":{"line":172,"column":0},"end":{"line":172,"column":27}},"172":{"start":{"line":173,"column":0},"end":{"line":173,"column":26}},"173":{"start":{"line":174,"column":0},"end":{"line":174,"column":24}},"174":{"start":{"line":175,"column":0},"end":{"line":175,"column":11}},"175":{"start":{"line":176,"column":0},"end":{"line":176,"column":21}},"176":{"start":{"line":177,"column":0},"end":{"line":177,"column":17}},"177":{"start":{"line":178,"column":0},"end":{"line":178,"column":23}},"178":{"start":{"line":179,"column":0},"end":{"line":179,"column":15}},"179":{"start":{"line":180,"column":0},"end":{"line":180,"column":27}},"180":{"start":{"line":181,"column":0},"end":{"line":181,"column":25}},"181":{"start":{"line":182,"column":0},"end":{"line":182,"column":30}},"182":{"start":{"line":183,"column":0},"end":{"line":183,"column":19}},"183":{"start":{"line":184,"column":0},"end":{"line":184,"column":51}},"184":{"start":{"line":185,"column":0},"end":{"line":185,"column":31}},"185":{"start":{"line":186,"column":0},"end":{"line":186,"column":15}},"186":{"start":{"line":187,"column":0},"end":{"line":187,"column":22}},"187":{"start":{"line":188,"column":0},"end":{"line":188,"column":36}},"188":{"start":{"line":189,"column":0},"end":{"line":189,"column":20}},"189":{"start":{"line":190,"column":0},"end":{"line":190,"column":20}},"190":{"start":{"line":191,"column":0},"end":{"line":191,"column":0}},"191":{"start":{"line":192,"column":0},"end":{"line":192,"column":16}},"192":{"start":{"line":193,"column":0},"end":{"line":193,"column":23}},"193":{"start":{"line":194,"column":0},"end":{"line":194,"column":19}},"194":{"start":{"line":195,"column":0},"end":{"line":195,"column":8}}},"s":{"0":0,"1":0,"2":0,"3":0,"4":0,"5":0,"6":0,"7":0,"8":0,"9":0,"10":0,"11":0,"12":0,"13":0,"14":0,"15":0,"16":0,"17":0,"18":0,"19":0,"20":0,"21":0,"22":0,"23":0,"24":0,"25":0,"26":0,"27":0,"28":0,"29":0,"30":0,"31":0,"32":0,"33":0,"34":0,"35":0,"36":0,"37":0,"38":0,"39":0,"40":0,"41":0,"42":0,"43":0,"44":0,"45":0,"46":0,"47":0,"48":0,"49":0,"50":0,"51":0,"52":0,"53":0,"54":0,"55":0,"56":0,"57":0,"58":0,"59":0,"60":0,"61":0,"62":0,"63":0,"64":0,"65":0,"66":0,"67":0,"68":0,"69":0,"70":0,"71":0,"72":0,"73":0,"74":0,"75":0,"76":0,"77":0,"78":0,"79":0,"80":0,"81":0,"82":0,"83":0,"84":0,"85":0,"86":0,"87":0,"88":0,"89":0,"90":0,"91":0,"92":0,"93":0,"94":0,"95":0,"96":0,"97":0,"98":0,"99":0,"100":0,"101":0,"102":0,"103":0,"104":0,"105":0,"106":0,"107":0,"108":0,"109":0,"110":0,"111":0,"112":0,"113":0,"114":0,"115":0,"116":0,"117":0,"118":0,"119":0,"120":0,"121":0,"122":0,"123":0,"124":0,"125":0,"126":0,"127":0,"128":0,"129":0,"130":0,"131":0,"132":0,"133":0,"134":0,"135":0,"136":0,"137":0,"138":0,"139":0,"140":0,"141":0,"142":0,"143":0,"144":0,"145":0,"146":0,"147":0,"148":0,"149":0,"150":0,"151":0,"152":0,"153":0,"154":0,"155":0,"156":0,"157":0,"158":0,"159":0,"160":0,"161":0,"162":0,"163":0,"164":0,"165":0,"166":0,"167":0,"168":0,"169":0,"170":0,"171":0,"172":0,"173":0,"174":0,"175":0,"176":0,"177":0,"178":0,"179":0,"180":0,"181":0,"182":0,"183":0,"184":0,"185":0,"186":0,"187":0,"188":0,"189":0,"190":0,"191":0,"192":0,"193":0,"194":0},"branchMap":{"0":{"type":"branch","line":1,"loc":{"start":{"line":1,"column":0},"end":{"line":195,"column":8}},"locations":[{"start":{"line":1,"column":0},"end":{"line":195,"column":8}}]}},"b":{"0":[0]},"fnMap":{"0":{"name":"(empty-report)","decl":{"start":{"line":1,"column":0},"end":{"line":195,"column":8}},"loc":{"start":{"line":1,"column":0},"end":{"line":195,"column":8}},"line":1}},"f":{"0":0}}
,"/home/kali/Documents/projects/historic_horizons/client/stores/articles.ts": {"path":"/home/kali/Documents/projects/historic_horizons/client/stores/articles.ts","all":true,"statementMap":{"3":{"start":{"line":4,"column":0},"end":{"line":4,"column":57}},"4":{"start":{"line":5,"column":0},"end":{"line":5,"column":16}},"5":{"start":{"line":6,"column":0},"end":{"line":6,"column":12}},"6":{"start":{"line":7,"column":0},"end":{"line":7,"column":36}},"7":{"start":{"line":8,"column":0},"end":{"line":8,"column":50}},"8":{"start":{"line":9,"column":0},"end":{"line":9,"column":6}},"9":{"start":{"line":10,"column":0},"end":{"line":10,"column":4}},"10":{"start":{"line":11,"column":0},"end":{"line":11,"column":12}},"11":{"start":{"line":12,"column":0},"end":{"line":12,"column":41}},"12":{"start":{"line":13,"column":0},"end":{"line":13,"column":40}},"13":{"start":{"line":14,"column":0},"end":{"line":14,"column":6}},"14":{"start":{"line":15,"column":0},"end":{"line":15,"column":61}},"15":{"start":{"line":16,"column":0},"end":{"line":16,"column":53}},"16":{"start":{"line":17,"column":0},"end":{"line":17,"column":6}},"17":{"start":{"line":18,"column":0},"end":{"line":18,"column":53}},"18":{"start":{"line":19,"column":0},"end":{"line":19,"column":71}},"19":{"start":{"line":20,"column":0},"end":{"line":20,"column":6}},"20":{"start":{"line":21,"column":0},"end":{"line":21,"column":44}},"21":{"start":{"line":22,"column":0},"end":{"line":22,"column":70}},"22":{"start":{"line":23,"column":0},"end":{"line":23,"column":6}},"23":{"start":{"line":24,"column":0},"end":{"line":24,"column":4}},"24":{"start":{"line":25,"column":0},"end":{"line":25,"column":3}}},"s":{"3":0,"4":0,"5":0,"6":0,"7":0,"8":0,"9":0,"10":0,"11":0,"12":0,"13":0,"14":0,"15":0,"16":0,"17":0,"18":0,"19":0,"20":0,"21":0,"22":0,"23":0,"24":0},"branchMap":{"0":{"type":"branch","line":1,"loc":{"start":{"line":1,"column":782},"end":{"line":25,"column":3}},"locations":[{"start":{"line":1,"column":782},"end":{"line":25,"column":3}}]}},"b":{"0":[1]},"fnMap":{"0":{"name":"(empty-report)","decl":{"start":{"line":1,"column":782},"end":{"line":25,"column":3}},"loc":{"start":{"line":1,"column":782},"end":{"line":25,"column":3}},"line":1}},"f":{"0":1}}
,"/home/kali/Documents/projects/historic_horizons/client/stores/create-article.ts": {"path":"/home/kali/Documents/projects/historic_horizons/client/stores/create-article.ts","all":true,"statementMap":{},"s":{},"branchMap":{"0":{"type":"branch","line":1,"loc":{"start":{"line":1,"column":0},"end":{"line":1,"column":0}},"locations":[{"start":{"line":1,"column":0},"end":{"line":1,"column":0}}]}},"b":{"0":[1]},"fnMap":{"0":{"name":"(empty-report)","decl":{"start":{"line":1,"column":0},"end":{"line":1,"column":0}},"loc":{"start":{"line":1,"column":0},"end":{"line":1,"column":0}},"line":1}},"f":{"0":1}}
,"/home/kali/Documents/projects/historic_horizons/client/stores/search.ts": {"path":"/home/kali/Documents/projects/historic_horizons/client/stores/search.ts","all":true,"statementMap":{"0":{"start":{"line":1,"column":0},"end":{"line":1,"column":53}},"1":{"start":{"line":2,"column":0},"end":{"line":2,"column":16}},"2":{"start":{"line":3,"column":0},"end":{"line":3,"column":12}},"3":{"start":{"line":4,"column":0},"end":{"line":4,"column":28}},"4":{"start":{"line":5,"column":0},"end":{"line":5,"column":22}},"5":{"start":{"line":6,"column":0},"end":{"line":6,"column":6}},"6":{"start":{"line":7,"column":0},"end":{"line":7,"column":4}},"7":{"start":{"line":8,"column":0},"end":{"line":8,"column":12}},"8":{"start":{"line":9,"column":0},"end":{"line":9,"column":27}},"9":{"start":{"line":10,"column":0},"end":{"line":10,"column":38}},"10":{"start":{"line":11,"column":0},"end":{"line":11,"column":6}},"11":{"start":{"line":12,"column":0},"end":{"line":12,"column":4}},"12":{"start":{"line":13,"column":0},"end":{"line":13,"column":12}},"13":{"start":{"line":14,"column":0},"end":{"line":14,"column":19}},"14":{"start":{"line":15,"column":0},"end":{"line":15,"column":49}},"15":{"start":{"line":16,"column":0},"end":{"line":16,"column":18}},"16":{"start":{"line":17,"column":0},"end":{"line":17,"column":41}},"17":{"start":{"line":18,"column":0},"end":{"line":18,"column":7}},"18":{"start":{"line":19,"column":0},"end":{"line":19,"column":6}},"19":{"start":{"line":20,"column":0},"end":{"line":20,"column":20}},"21":{"start":{"line":22,"column":0},"end":{"line":22,"column":27}},"23":{"start":{"line":24,"column":0},"end":{"line":24,"column":13}},"24":{"start":{"line":25,"column":0},"end":{"line":25,"column":6}},"25":{"start":{"line":26,"column":0},"end":{"line":26,"column":13}},"26":{"start":{"line":27,"column":0},"end":{"line":27,"column":28}},"27":{"start":{"line":28,"column":0},"end":{"line":28,"column":13}},"28":{"start":{"line":29,"column":0},"end":{"line":29,"column":6}},"29":{"start":{"line":30,"column":0},"end":{"line":30,"column":39}},"30":{"start":{"line":31,"column":0},"end":{"line":31,"column":37}},"31":{"start":{"line":32,"column":0},"end":{"line":32,"column":67}},"32":{"start":{"line":33,"column":0},"end":{"line":33,"column":34}},"33":{"start":{"line":34,"column":0},"end":{"line":34,"column":6}},"34":{"start":{"line":35,"column":0},"end":{"line":35,"column":44}},"35":{"start":{"line":36,"column":0},"end":{"line":36,"column":78}},"36":{"start":{"line":37,"column":0},"end":{"line":37,"column":67}},"37":{"start":{"line":38,"column":0},"end":{"line":38,"column":29}},"38":{"start":{"line":39,"column":0},"end":{"line":39,"column":6}},"39":{"start":{"line":40,"column":0},"end":{"line":40,"column":4}},"40":{"start":{"line":41,"column":0},"end":{"line":41,"column":3}}},"s":{"0":0,"1":0,"2":0,"3":0,"4":0,"5":0,"6":0,"7":0,"8":0,"9":0,"10":0,"11":0,"12":0,"13":0,"14":0,"15":0,"16":0,"17":0,"18":0,"19":0,"21":0,"23":0,"24":0,"25":0,"26":0,"27":0,"28":0,"29":0,"30":0,"31":0,"32":0,"33":0,"34":0,"35":0,"36":0,"37":0,"38":0,"39":0,"40":0},"branchMap":{"0":{"type":"branch","line":1,"loc":{"start":{"line":1,"column":999},"end":{"line":41,"column":3}},"locations":[{"start":{"line":1,"column":999},"end":{"line":41,"column":3}}]}},"b":{"0":[0]},"fnMap":{"0":{"name":"(empty-report)","decl":{"start":{"line":1,"column":999},"end":{"line":41,"column":3}},"loc":{"start":{"line":1,"column":999},"end":{"line":41,"column":3}},"line":1}},"f":{"0":0}}
,"/home/kali/Documents/projects/historic_horizons/client/stores/theme.ts": {"path":"/home/kali/Documents/projects/historic_horizons/client/stores/theme.ts","all":true,"statementMap":{"0":{"start":{"line":1,"column":0},"end":{"line":1,"column":51}},"1":{"start":{"line":2,"column":0},"end":{"line":2,"column":16}},"2":{"start":{"line":3,"column":0},"end":{"line":3,"column":12}},"3":{"start":{"line":4,"column":0},"end":{"line":4,"column":40}},"4":{"start":{"line":5,"column":0},"end":{"line":5,"column":6}},"5":{"start":{"line":6,"column":0},"end":{"line":6,"column":4}},"7":{"start":{"line":8,"column":0},"end":{"line":8,"column":12}},"8":{"start":{"line":9,"column":0},"end":{"line":9,"column":23}},"9":{"start":{"line":10,"column":0},"end":{"line":10,"column":48}},"10":{"start":{"line":11,"column":0},"end":{"line":11,"column":18}},"11":{"start":{"line":12,"column":0},"end":{"line":12,"column":34}},"12":{"start":{"line":13,"column":0},"end":{"line":13,"column":7}},"13":{"start":{"line":14,"column":0},"end":{"line":14,"column":6}},"14":{"start":{"line":15,"column":0},"end":{"line":15,"column":4}},"15":{"start":{"line":16,"column":0},"end":{"line":16,"column":3}}},"s":{"0":0,"1":0,"2":0,"3":0,"4":0,"5":0,"7":0,"8":0,"9":0,"10":0,"11":0,"12":0,"13":0,"14":0,"15":0},"branchMap":{"0":{"type":"branch","line":1,"loc":{"start":{"line":1,"column":299},"end":{"line":16,"column":3}},"locations":[{"start":{"line":1,"column":299},"end":{"line":16,"column":3}}]}},"b":{"0":[0]},"fnMap":{"0":{"name":"(empty-report)","decl":{"start":{"line":1,"column":299},"end":{"line":16,"column":3}},"loc":{"start":{"line":1,"column":299},"end":{"line":16,"column":3}},"line":1}},"f":{"0":0}}
,"/home/kali/Documents/projects/historic_horizons/client/stores/user.ts": {"path":"/home/kali/Documents/projects/historic_horizons/client/stores/user.ts","all":true,"statementMap":{"0":{"start":{"line":1,"column":0},"end":{"line":1,"column":40}},"1":{"start":{"line":2,"column":0},"end":{"line":2,"column":53}},"3":{"start":{"line":4,"column":0},"end":{"line":4,"column":49}},"4":{"start":{"line":5,"column":0},"end":{"line":5,"column":18}},"5":{"start":{"line":6,"column":0},"end":{"line":6,"column":16}},"6":{"start":{"line":7,"column":0},"end":{"line":7,"column":29}},"7":{"start":{"line":8,"column":0},"end":{"line":8,"column":35}},"8":{"start":{"line":9,"column":0},"end":{"line":9,"column":9}},"9":{"start":{"line":10,"column":0},"end":{"line":10,"column":6}},"10":{"start":{"line":11,"column":0},"end":{"line":11,"column":15}},"11":{"start":{"line":12,"column":0},"end":{"line":12,"column":29}},"12":{"start":{"line":13,"column":0},"end":{"line":13,"column":72}},"13":{"start":{"line":14,"column":0},"end":{"line":14,"column":10}},"14":{"start":{"line":15,"column":0},"end":{"line":15,"column":30}},"15":{"start":{"line":16,"column":0},"end":{"line":16,"column":73}},"16":{"start":{"line":17,"column":0},"end":{"line":17,"column":9}},"17":{"start":{"line":18,"column":0},"end":{"line":18,"column":6}},"18":{"start":{"line":19,"column":0},"end":{"line":19,"column":14}},"19":{"start":{"line":20,"column":0},"end":{"line":20,"column":29}},"20":{"start":{"line":21,"column":0},"end":{"line":21,"column":29}},"21":{"start":{"line":22,"column":0},"end":{"line":22,"column":40}},"23":{"start":{"line":24,"column":0},"end":{"line":24,"column":10}},"24":{"start":{"line":25,"column":0},"end":{"line":25,"column":22}},"25":{"start":{"line":26,"column":0},"end":{"line":26,"column":35}},"26":{"start":{"line":27,"column":0},"end":{"line":27,"column":41}},"27":{"start":{"line":28,"column":0},"end":{"line":28,"column":30}},"28":{"start":{"line":29,"column":0},"end":{"line":29,"column":10}},"29":{"start":{"line":30,"column":0},"end":{"line":30,"column":38}},"30":{"start":{"line":31,"column":0},"end":{"line":31,"column":41}},"31":{"start":{"line":32,"column":0},"end":{"line":32,"column":22}},"32":{"start":{"line":33,"column":0},"end":{"line":33,"column":40}},"33":{"start":{"line":34,"column":0},"end":{"line":34,"column":20}},"34":{"start":{"line":35,"column":0},"end":{"line":35,"column":39}},"35":{"start":{"line":36,"column":0},"end":{"line":36,"column":45}},"36":{"start":{"line":37,"column":0},"end":{"line":37,"column":13}},"37":{"start":{"line":38,"column":0},"end":{"line":38,"column":9}},"38":{"start":{"line":39,"column":0},"end":{"line":39,"column":5}},"39":{"start":{"line":40,"column":0},"end":{"line":40,"column":2}}},"s":{"0":0,"1":0,"3":0,"4":0,"5":0,"6":0,"7":0,"8":0,"9":0,"10":0,"11":0,"12":0,"13":0,"14":0,"15":0,"16":0,"17":0,"18":0,"19":0,"20":0,"21":0,"23":0,"24":0,"25":0,"26":0,"27":0,"28":0,"29":0,"30":0,"31":0,"32":0,"33":0,"34":0,"35":0,"36":0,"37":0,"38":0,"39":0},"branchMap":{"0":{"type":"branch","line":1,"loc":{"start":{"line":1,"column":1084},"end":{"line":40,"column":2}},"locations":[{"start":{"line":1,"column":1084},"end":{"line":40,"column":2}}]}},"b":{"0":[0]},"fnMap":{"0":{"name":"(empty-report)","decl":{"start":{"line":1,"column":1084},"end":{"line":40,"column":2}},"loc":{"start":{"line":1,"column":1084},"end":{"line":40,"column":2}},"line":1}},"f":{"0":0}}
,"/home/kali/Documents/projects/historic_horizons/client/types/article-content.ts": {"path":"/home/kali/Documents/projects/historic_horizons/client/types/article-content.ts","all":true,"statementMap":{},"s":{},"branchMap":{"0":{"type":"branch","line":1,"loc":{"start":{"line":1,"column":76},"end":{"line":4,"column":1}},"locations":[{"start":{"line":1,"column":76},"end":{"line":4,"column":1}}]}},"b":{"0":[1]},"fnMap":{"0":{"name":"(empty-report)","decl":{"start":{"line":1,"column":76},"end":{"line":4,"column":1}},"loc":{"start":{"line":1,"column":76},"end":{"line":4,"column":1}},"line":1}},"f":{"0":1}}
,"/home/kali/Documents/projects/historic_horizons/client/types/article.ts": {"path":"/home/kali/Documents/projects/historic_horizons/client/types/article.ts","all":true,"statementMap":{},"s":{},"branchMap":{"0":{"type":"branch","line":1,"loc":{"start":{"line":1,"column":229},"end":{"line":13,"column":1}},"locations":[{"start":{"line":1,"column":229},"end":{"line":13,"column":1}}]}},"b":{"0":[1]},"fnMap":{"0":{"name":"(empty-report)","decl":{"start":{"line":1,"column":229},"end":{"line":13,"column":1}},"loc":{"start":{"line":1,"column":229},"end":{"line":13,"column":1}},"line":1}},"f":{"0":1}}
,"/home/kali/Documents/projects/historic_horizons/client/types/user.ts": {"path":"/home/kali/Documents/projects/historic_horizons/client/types/user.ts","all":true,"statementMap":{"8":{"start":{"line":9,"column":0},"end":{"line":9,"column":19}},"9":{"start":{"line":10,"column":0},"end":{"line":10,"column":20}},"10":{"start":{"line":11,"column":0},"end":{"line":11,"column":22}},"11":{"start":{"line":12,"column":0},"end":{"line":12,"column":17}}},"s":{"8":0,"9":0,"10":0,"11":0},"branchMap":{"0":{"type":"branch","line":1,"loc":{"start":{"line":1,"column":204},"end":{"line":13,"column":1}},"locations":[{"start":{"line":1,"column":204},"end":{"line":13,"column":1}}]}},"b":{"0":[1]},"fnMap":{"0":{"name":"(empty-report)","decl":{"start":{"line":1,"column":204},"end":{"line":13,"column":1}},"loc":{"start":{"line":1,"column":204},"end":{"line":13,"column":1}},"line":1}},"f":{"0":1}}
,"/home/kali/Documents/projects/historic_horizons/client/utils/pretty-date.ts": {"path":"/home/kali/Documents/projects/historic_horizons/client/utils/pretty-date.ts","all":true,"statementMap":{"0":{"start":{"line":1,"column":0},"end":{"line":1,"column":48}},"1":{"start":{"line":2,"column":0},"end":{"line":2,"column":14}},"2":{"start":{"line":3,"column":0},"end":{"line":3,"column":38}},"3":{"start":{"line":4,"column":0},"end":{"line":4,"column":9}},"4":{"start":{"line":5,"column":0},"end":{"line":5,"column":41}},"5":{"start":{"line":6,"column":0},"end":{"line":6,"column":9}},"6":{"start":{"line":7,"column":0},"end":{"line":7,"column":33}},"7":{"start":{"line":8,"column":0},"end":{"line":8,"column":16}},"8":{"start":{"line":9,"column":0},"end":{"line":9,"column":1}},"10":{"start":{"line":11,"column":0},"end":{"line":11,"column":30}},"11":{"start":{"line":12,"column":0},"end":{"line":12,"column":17}},"12":{"start":{"line":13,"column":0},"end":{"line":13,"column":21}},"13":{"start":{"line":14,"column":0},"end":{"line":14,"column":3}},"14":{"start":{"line":15,"column":0},"end":{"line":15,"column":13}},"15":{"start":{"line":16,"column":0},"end":{"line":16,"column":1}},"17":{"start":{"line":18,"column":0},"end":{"line":18,"column":34}},"18":{"start":{"line":19,"column":0},"end":{"line":19,"column":41}},"20":{"start":{"line":21,"column":0},"end":{"line":21,"column":19}},"21":{"start":{"line":22,"column":0},"end":{"line":22,"column":24}},"22":{"start":{"line":23,"column":0},"end":{"line":23,"column":3}},"23":{"start":{"line":24,"column":0},"end":{"line":24,"column":15}},"24":{"start":{"line":25,"column":0},"end":{"line":25,"column":1}}},"s":{"0":0,"1":0,"2":0,"3":0,"4":0,"5":0,"6":0,"7":0,"8":0,"10":0,"11":0,"12":0,"13":0,"14":0,"15":0,"17":0,"18":0,"20":0,"21":0,"22":0,"23":0,"24":0},"branchMap":{"0":{"type":"branch","line":1,"loc":{"start":{"line":1,"column":455},"end":{"line":25,"column":1}},"locations":[{"start":{"line":1,"column":455},"end":{"line":25,"column":1}}]}},"b":{"0":[0]},"fnMap":{"0":{"name":"(empty-report)","decl":{"start":{"line":1,"column":455},"end":{"line":25,"column":1}},"loc":{"start":{"line":1,"column":455},"end":{"line":25,"column":1}},"line":1}},"f":{"0":0}}
}
